2026-03-27 15:24:46 INFO:train:Logging initialized at temp path: ./output/tmp_logs\train_20260327-152446.log
2026-03-27 15:24:46 INFO:train:Namespace(T=16, T_train=None, amp=True, batch_size=16, cooldown_epochs=10, cutmix=0.1, cutmix_minmax=None, data_path='D:/dataset/data/DVS128Gesture', dataset='dvsgesture', decay_epochs=20, decay_rate=0.1, device='cuda:0', dim=256, dist_url='env://', distributed=False, epoch_repeats=0.0, epochs=150, experiment='', flblocks=16, log_wandb=False, lr=0.005, lr_cycle_limit=1, lr_cycle_mul=1.0, lr_noise=None, lr_noise_pct=0.67, lr_noise_std=1.0, min_lr=1e-05, mixup=0.5, mixup_mode='batch', mixup_off_epoch=0, mixup_prob=0.5, mixup_switch_prob=0.5, model='max_former_causal', momentum=0.9, num_classes=11, opt='adamw', opt_betas=None, opt_eps=1e-08, output_dir=None, patience_epochs=10, print_freq=256, resume='', sched='cosine', seed=1779, smoothing=0.1, start_epoch=0, sync_bn=False, test_only=False, warmup_epochs=10, warmup_lr=1e-05, weight_decay=0.06, workers=4, world_size=1)
2026-03-27 15:24:46 INFO:train:Log file moved to: ./output/train_causal_dvs128\20260327-152446_max_former_causal_b16_T16_wd0.06_adamw\logs\train_20260327-152446.log
2026-03-27 15:24:46 INFO:train:All outputs for this run will be saved to: ./output/train_causal_dvs128\20260327-152446_max_former_causal_b16_T16_wd0.06_adamw
2026-03-27 15:24:46 INFO:train:device: cuda:0
2026-03-27 15:24:46 INFO:train:Loading data
2026-03-27 15:24:46 INFO:train:Took 0.01 seconds
2026-03-27 15:24:46 INFO:train:Creating data loaders
2026-03-27 15:24:46 INFO:train:Creating model
2026-03-27 15:24:46 INFO:train:number of params: 1501131
2026-03-27 15:24:46 INFO:train:Start training
2026-03-27 15:25:07 INFO:train:Train: [0:00:20] [Epoch: 0/160] [Iter:   73/73]  Loss_Tot: 4.8174  L_Full: 2.4145  L_Mask: 2.4029  L_Caus: 0.0000  L_Spar: 0.0000  FR: 0.2355  Wgt(C/S): 0.00/0.00  LR: 1.000e-05  Acc@1: 18.7500
2026-03-27 15:25:17 INFO:train:Test:  [0:00:31] [Iter:   18/18]  Loss_Tot: 5.0104  L_Caus: 0.0000  L_Spar: 0.0000  Acc@1:  0.0000  Acc@5:  6.2500
2026-03-27 15:25:18 INFO:train: * Acc@1 = 17.7083, Acc@5 = 60.0694, loss = 4.7380
2026-03-27 15:25:18 INFO:train:Training time 0:00:31, max_test_acc1 17.7083, test_acc5_at_max_test_acc1 60.0694
2026-03-27 15:25:35 INFO:train:Train: [0:00:48] [Epoch: 1/160] [Iter:   73/73]  Loss_Tot: 3.2320  L_Full: 1.6068  L_Mask: 1.6253  L_Caus: 0.0000  L_Spar: 0.0000  FR: 0.2854  Wgt(C/S): 0.00/0.00  LR: 5.090e-04  Acc@1: 56.2500
2026-03-27 15:25:45 INFO:train:Test:  [0:00:59] [Iter:   18/18]  Loss_Tot: 5.1112  L_Caus: 0.0000  L_Spar: 0.0000  Acc@1:  0.0000  Acc@5: 37.5000
2026-03-27 15:25:46 INFO:train: * Acc@1 = 30.5556, Acc@5 = 78.1250, loss = 3.9793
2026-03-27 15:25:46 INFO:train:Training time 0:00:59, max_test_acc1 30.5556, test_acc5_at_max_test_acc1 78.1250
2026-03-27 15:26:03 INFO:train:Train: [0:01:16] [Epoch: 2/160] [Iter:   73/73]  Loss_Tot: 4.5567  L_Full: 2.2769  L_Mask: 2.2799  L_Caus: 0.0000  L_Spar: 0.0000  FR: 0.2754  Wgt(C/S): 0.00/0.00  LR: 1.008e-03  Acc@1: 18.7500
2026-03-27 15:26:13 INFO:train:Test:  [0:01:26] [Iter:   18/18]  Loss_Tot: 5.7100  L_Caus: 0.0000  L_Spar: 0.0000  Acc@1:  0.0000  Acc@5:  6.2500
2026-03-27 15:26:13 INFO:train: * Acc@1 = 42.0139, Acc@5 = 86.4583, loss = 3.1449
2026-03-27 15:26:13 INFO:train:Training time 0:01:26, max_test_acc1 42.0139, test_acc5_at_max_test_acc1 86.4583
2026-03-27 15:26:32 INFO:train:Train: [0:01:45] [Epoch: 3/160] [Iter:   73/73]  Loss_Tot: 2.1636  L_Full: 1.0766  L_Mask: 1.0870  L_Caus: 0.0000  L_Spar: 0.0000  FR: 0.2844  Wgt(C/S): 0.00/0.00  LR: 1.507e-03  Acc@1: 87.5000
2026-03-27 15:26:41 INFO:train:Test:  [0:01:54] [Iter:   18/18]  Loss_Tot: 3.0753  L_Caus: 0.0000  L_Spar: 0.0000  Acc@1: 12.5000  Acc@5: 100.0000
2026-03-27 15:26:42 INFO:train: * Acc@1 = 56.5972, Acc@5 = 99.6528, loss = 2.4101
2026-03-27 15:26:42 INFO:train:Training time 0:01:55, max_test_acc1 56.5972, test_acc5_at_max_test_acc1 99.6528
2026-03-27 15:26:58 INFO:train:Train: [0:02:12] [Epoch: 4/160] [Iter:   73/73]  Loss_Tot: 2.4356  L_Full: 1.1906  L_Mask: 1.2450  L_Caus: 0.0000  L_Spar: 0.0000  FR: 0.2686  Wgt(C/S): 0.00/0.00  LR: 2.006e-03  Acc@1: 50.0000
2026-03-27 15:27:08 INFO:train:Test:  [0:02:22] [Iter:   18/18]  Loss_Tot: 3.1258  L_Caus: 0.0000  L_Spar: 0.0000  Acc@1:  0.0000  Acc@5: 81.2500
2026-03-27 15:27:09 INFO:train: * Acc@1 = 63.8889, Acc@5 = 96.8750, loss = 2.0992
2026-03-27 15:27:09 INFO:train:Training time 0:02:22, max_test_acc1 63.8889, test_acc5_at_max_test_acc1 96.8750
2026-03-27 15:27:26 INFO:train:Train: [0:02:39] [Epoch: 5/160] [Iter:   73/73]  Loss_Tot: 5.1160  L_Full: 2.5473  L_Mask: 2.5688  L_Caus: 0.0000  L_Spar: 0.0000  FR: 0.2354  Wgt(C/S): 0.00/0.00  LR: 2.505e-03  Acc@1:  0.0000
2026-03-27 15:27:35 INFO:train:Test:  [0:02:49] [Iter:   18/18]  Loss_Tot: 3.0793  L_Caus: 0.0000  L_Spar: 0.0000  Acc@1:  0.0000  Acc@5: 87.5000
2026-03-27 15:27:36 INFO:train: * Acc@1 = 62.5000, Acc@5 = 97.9167, loss = 2.1512
2026-03-27 15:27:36 INFO:train:Training time 0:02:49, max_test_acc1 63.8889, test_acc5_at_max_test_acc1 96.8750
2026-03-27 15:27:52 INFO:train:Train: [0:03:06] [Epoch: 6/160] [Iter:   73/73]  Loss_Tot: 2.1491  L_Full: 1.0501  L_Mask: 1.0990  L_Caus: 0.0000  L_Spar: 0.0000  FR: 0.2402  Wgt(C/S): 0.00/0.00  LR: 3.004e-03  Acc@1: 62.5000
2026-03-27 15:28:02 INFO:train:Test:  [0:03:15] [Iter:   18/18]  Loss_Tot: 2.6949  L_Caus: 0.0000  L_Spar: 0.0000  Acc@1: 31.2500  Acc@5: 100.0000
2026-03-27 15:28:02 INFO:train: * Acc@1 = 42.3611, Acc@5 = 95.4861, loss = 3.5553
2026-03-27 15:28:02 INFO:train:Training time 0:03:16, max_test_acc1 63.8889, test_acc5_at_max_test_acc1 96.8750
2026-03-27 15:28:19 INFO:train:Train: [0:03:32] [Epoch: 7/160] [Iter:   73/73]  Loss_Tot: 3.7623  L_Full: 1.8702  L_Mask: 1.8922  L_Caus: 0.0000  L_Spar: 0.0000  FR: 0.2455  Wgt(C/S): 0.00/0.00  LR: 3.503e-03  Acc@1: 62.5000
2026-03-27 15:28:29 INFO:train:Test:  [0:03:42] [Iter:   18/18]  Loss_Tot: 1.5467  L_Caus: 0.0000  L_Spar: 0.0000  Acc@1: 18.7500  Acc@5: 100.0000
2026-03-27 15:28:29 INFO:train: * Acc@1 = 67.0139, Acc@5 = 99.3056, loss = 1.8958
2026-03-27 15:28:29 INFO:train:Training time 0:03:42, max_test_acc1 67.0139, test_acc5_at_max_test_acc1 99.3056
2026-03-27 15:28:45 INFO:train:Train: [0:03:58] [Epoch: 8/160] [Iter:   73/73]  Loss_Tot: 2.5564  L_Full: 1.2451  L_Mask: 1.3114  L_Caus: 0.0000  L_Spar: 0.0000  FR: 0.2162  Wgt(C/S): 0.00/0.00  LR: 4.002e-03  Acc@1: 62.5000
2026-03-27 15:28:55 INFO:train:Test:  [0:04:08] [Iter:   18/18]  Loss_Tot: 2.8348  L_Caus: 0.0000  L_Spar: 0.0000  Acc@1: 12.5000  Acc@5: 81.2500
2026-03-27 15:28:55 INFO:train: * Acc@1 = 56.5972, Acc@5 = 92.3611, loss = 2.2315
2026-03-27 15:28:55 INFO:train:Training time 0:04:08, max_test_acc1 67.0139, test_acc5_at_max_test_acc1 99.3056
2026-03-27 15:29:11 INFO:train:Train: [0:04:25] [Epoch: 9/160] [Iter:   73/73]  Loss_Tot: 1.8880  L_Full: 0.9540  L_Mask: 0.9340  L_Caus: 0.0000  L_Spar: 0.0000  FR: 0.2285  Wgt(C/S): 0.00/0.00  LR: 4.501e-03  Acc@1: 75.0000
2026-03-27 15:29:21 INFO:train:Test:  [0:04:34] [Iter:   18/18]  Loss_Tot: 4.2642  L_Caus: 0.0000  L_Spar: 0.0000  Acc@1:  0.0000  Acc@5: 62.5000
2026-03-27 15:29:21 INFO:train: * Acc@1 = 62.1528, Acc@5 = 94.7917, loss = 1.8860
2026-03-27 15:29:21 INFO:train:Training time 0:04:34, max_test_acc1 67.0139, test_acc5_at_max_test_acc1 99.3056
2026-03-27 15:29:37 INFO:train:Train: [0:04:50] [Epoch: 10/160] [Iter:   73/73]  Loss_Tot: 1.9211  L_Full: 0.9868  L_Mask: 0.9343  L_Caus: 0.0000  L_Spar: 0.0000  FR: 0.1831  Wgt(C/S): 0.00/0.00  LR: 4.945e-03  Acc@1: 81.2500
2026-03-27 15:29:47 INFO:train:Test:  [0:05:00] [Iter:   18/18]  Loss_Tot: 3.5366  L_Caus: 0.0000  L_Spar: 0.0000  Acc@1: 25.0000  Acc@5: 62.5000
2026-03-27 15:29:47 INFO:train: * Acc@1 = 68.0556, Acc@5 = 96.1806, loss = 1.5986
2026-03-27 15:29:47 INFO:train:Training time 0:05:00, max_test_acc1 68.0556, test_acc5_at_max_test_acc1 96.1806
2026-03-27 15:30:03 INFO:train:Train: [0:05:16] [Epoch: 11/160] [Iter:   73/73]  Loss_Tot: 2.1032  L_Full: 1.0369  L_Mask: 1.0663  L_Caus: 0.0000  L_Spar: 0.0000  FR: 0.1661  Wgt(C/S): 0.00/0.00  LR: 4.934e-03  Acc@1: 81.2500
2026-03-27 15:30:13 INFO:train:Test:  [0:05:26] [Iter:   18/18]  Loss_Tot: 0.9479  L_Caus: 0.0000  L_Spar: 0.0000  Acc@1: 87.5000  Acc@5: 100.0000
2026-03-27 15:30:13 INFO:train: * Acc@1 = 67.3611, Acc@5 = 100.0000, loss = 2.0035
2026-03-27 15:30:13 INFO:train:Training time 0:05:26, max_test_acc1 68.0556, test_acc5_at_max_test_acc1 96.1806
2026-03-27 15:30:29 INFO:train:Train: [0:05:42] [Epoch: 12/160] [Iter:   73/73]  Loss_Tot: 1.5871  L_Full: 0.7983  L_Mask: 0.7889  L_Caus: 0.0000  L_Spar: 0.0000  FR: 0.1676  Wgt(C/S): 0.00/0.00  LR: 4.922e-03  Acc@1: 87.5000
2026-03-27 15:30:39 INFO:train:Test:  [0:05:52] [Iter:   18/18]  Loss_Tot: 2.1920  L_Caus: 0.0000  L_Spar: 0.0000  Acc@1: 56.2500  Acc@5: 87.5000
2026-03-27 15:30:39 INFO:train: * Acc@1 = 71.1806, Acc@5 = 98.6111, loss = 1.5276
2026-03-27 15:30:39 INFO:train:Training time 0:05:52, max_test_acc1 71.1806, test_acc5_at_max_test_acc1 98.6111
2026-03-27 15:30:55 INFO:train:Train: [0:06:08] [Epoch: 13/160] [Iter:   73/73]  Loss_Tot: 3.4019  L_Full: 1.6742  L_Mask: 1.7276  L_Caus: 0.0000  L_Spar: 0.0000  FR: 0.1641  Wgt(C/S): 0.00/0.00  LR: 4.908e-03  Acc@1: 37.5000
2026-03-27 15:31:05 INFO:train:Test:  [0:06:18] [Iter:   18/18]  Loss_Tot: 1.9575  L_Caus: 0.0000  L_Spar: 0.0000  Acc@1: 56.2500  Acc@5: 75.0000
2026-03-27 15:31:05 INFO:train: * Acc@1 = 70.8333, Acc@5 = 95.4861, loss = 1.6313
2026-03-27 15:31:05 INFO:train:Training time 0:06:18, max_test_acc1 71.1806, test_acc5_at_max_test_acc1 98.6111
2026-03-27 15:31:21 INFO:train:Train: [0:06:34] [Epoch: 14/160] [Iter:   73/73]  Loss_Tot: 1.6946  L_Full: 0.8438  L_Mask: 0.8509  L_Caus: 0.0000  L_Spar: 0.0000  FR: 0.1743  Wgt(C/S): 0.00/0.00  LR: 4.894e-03  Acc@1: 81.2500
2026-03-27 15:31:30 INFO:train:Test:  [0:06:43] [Iter:   18/18]  Loss_Tot: 1.2101  L_Caus: 0.0000  L_Spar: 0.0000  Acc@1: 62.5000  Acc@5: 93.7500
2026-03-27 15:31:31 INFO:train: * Acc@1 = 74.6528, Acc@5 = 97.9167, loss = 1.4367
2026-03-27 15:31:31 INFO:train:Training time 0:06:44, max_test_acc1 74.6528, test_acc5_at_max_test_acc1 97.9167
2026-03-27 15:31:47 INFO:train:Train: [0:07:00] [Epoch: 15/160] [Iter:   73/73]  Loss_Tot: 1.7352  L_Full: 0.8859  L_Mask: 0.8493  L_Caus: 0.0000  L_Spar: 0.0000  FR: 0.1713  Wgt(C/S): 0.00/0.00  LR: 4.878e-03  Acc@1: 87.5000
2026-03-27 15:31:56 INFO:train:Test:  [0:07:09] [Iter:   18/18]  Loss_Tot: 4.4431  L_Caus: 0.0000  L_Spar: 0.0000  Acc@1: 12.5000  Acc@5: 68.7500
2026-03-27 15:31:57 INFO:train: * Acc@1 = 69.4444, Acc@5 = 96.5278, loss = 1.5758
2026-03-27 15:31:57 INFO:train:Training time 0:07:10, max_test_acc1 74.6528, test_acc5_at_max_test_acc1 97.9167
2026-03-27 15:32:13 INFO:train:Train: [0:07:26] [Epoch: 16/160] [Iter:   73/73]  Loss_Tot: 1.7274  L_Full: 0.8906  L_Mask: 0.8368  L_Caus: 0.0000  L_Spar: 0.0000  FR: 0.1746  Wgt(C/S): 0.00/0.00  LR: 4.861e-03  Acc@1: 93.7500
2026-03-27 15:32:22 INFO:train:Test:  [0:07:35] [Iter:   18/18]  Loss_Tot: 1.5094  L_Caus: 0.0000  L_Spar: 0.0000  Acc@1: 62.5000  Acc@5: 100.0000
2026-03-27 15:32:23 INFO:train: * Acc@1 = 70.8333, Acc@5 = 96.5278, loss = 1.4889
2026-03-27 15:32:23 INFO:train:Training time 0:07:36, max_test_acc1 74.6528, test_acc5_at_max_test_acc1 97.9167
2026-03-27 15:32:39 INFO:train:Train: [0:07:52] [Epoch: 17/160] [Iter:   73/73]  Loss_Tot: 2.0130  L_Full: 1.0018  L_Mask: 1.0112  L_Caus: 0.0000  L_Spar: 0.0000  FR: 0.1671  Wgt(C/S): 0.00/0.00  LR: 4.844e-03  Acc@1: 75.0000
2026-03-27 15:32:48 INFO:train:Test:  [0:08:01] [Iter:   18/18]  Loss_Tot: 0.7590  L_Caus: 0.0000  L_Spar: 0.0000  Acc@1: 75.0000  Acc@5: 100.0000
2026-03-27 15:32:48 INFO:train: * Acc@1 = 75.6944, Acc@5 = 100.0000, loss = 1.2762
2026-03-27 15:32:48 INFO:train:Training time 0:08:02, max_test_acc1 75.6944, test_acc5_at_max_test_acc1 100.0000
2026-03-27 15:33:05 INFO:train:Train: [0:08:18] [Epoch: 18/160] [Iter:   73/73]  Loss_Tot: 1.6859  L_Full: 0.8551  L_Mask: 0.8308  L_Caus: 0.0000  L_Spar: 0.0000  FR: 0.1678  Wgt(C/S): 0.00/0.00  LR: 4.825e-03  Acc@1: 81.2500
2026-03-27 15:33:16 INFO:train:Test:  [0:08:29] [Iter:   18/18]  Loss_Tot: 3.1844  L_Caus: 0.0000  L_Spar: 0.0000  Acc@1: 37.5000  Acc@5: 75.0000
2026-03-27 15:33:16 INFO:train: * Acc@1 = 78.8194, Acc@5 = 97.9167, loss = 1.4282
2026-03-27 15:33:16 INFO:train:Training time 0:08:29, max_test_acc1 78.8194, test_acc5_at_max_test_acc1 97.9167
2026-03-27 15:33:32 INFO:train:Train: [0:08:45] [Epoch: 19/160] [Iter:   73/73]  Loss_Tot: 1.5257  L_Full: 0.7918  L_Mask: 0.7340  L_Caus: 0.0000  L_Spar: 0.0000  FR: 0.1479  Wgt(C/S): 0.00/0.00  LR: 4.805e-03  Acc@1: 87.5000
2026-03-27 15:33:42 INFO:train:Test:  [0:08:55] [Iter:   18/18]  Loss_Tot: 3.2139  L_Caus: 0.0000  L_Spar: 0.0000  Acc@1: 25.0000  Acc@5: 75.0000
2026-03-27 15:33:42 INFO:train: * Acc@1 = 57.9861, Acc@5 = 91.3194, loss = 1.8677
2026-03-27 15:33:42 INFO:train:Training time 0:08:56, max_test_acc1 78.8194, test_acc5_at_max_test_acc1 97.9167
2026-03-27 15:33:59 INFO:train:Train: [0:09:12] [Epoch: 20/160] [Iter:   73/73]  Loss_Tot: 1.8308  L_Full: 0.8767  L_Mask: 0.9540  L_Caus: 0.0000  L_Spar: 0.0000  FR: 0.1575  Wgt(C/S): 0.00/0.00  LR: 4.784e-03  Acc@1: 87.5000
2026-03-27 15:34:08 INFO:train:Test:  [0:09:22] [Iter:   18/18]  Loss_Tot: 2.1398  L_Caus: 0.0000  L_Spar: 0.0000  Acc@1: 43.7500  Acc@5: 87.5000
2026-03-27 15:34:09 INFO:train: * Acc@1 = 74.6528, Acc@5 = 94.4444, loss = 1.4401
2026-03-27 15:34:09 INFO:train:Training time 0:09:22, max_test_acc1 78.8194, test_acc5_at_max_test_acc1 97.9167
2026-03-27 15:34:25 INFO:train:Train: [0:09:38] [Epoch: 21/160] [Iter:   73/73]  Loss_Tot: 2.2247  L_Full: 1.1451  L_Mask: 1.0796  L_Caus: 0.0000  L_Spar: 0.0000  FR: 0.1516  Wgt(C/S): 0.00/0.00  LR: 4.763e-03  Acc@1: 81.2500
2026-03-27 15:34:34 INFO:train:Test:  [0:09:48] [Iter:   18/18]  Loss_Tot: 1.8533  L_Caus: 0.0000  L_Spar: 0.0000  Acc@1: 56.2500  Acc@5: 87.5000
2026-03-27 15:34:35 INFO:train: * Acc@1 = 74.6528, Acc@5 = 98.9583, loss = 1.5192
2026-03-27 15:34:35 INFO:train:Training time 0:09:48, max_test_acc1 78.8194, test_acc5_at_max_test_acc1 97.9167
2026-03-27 15:34:51 INFO:train:Train: [0:10:04] [Epoch: 22/160] [Iter:   73/73]  Loss_Tot: 1.6470  L_Full: 0.8310  L_Mask: 0.8160  L_Caus: 0.0000  L_Spar: 0.0000  FR: 0.1490  Wgt(C/S): 0.00/0.00  LR: 4.740e-03  Acc@1: 81.2500
2026-03-27 15:35:00 INFO:train:Test:  [0:10:13] [Iter:   18/18]  Loss_Tot: 2.2886  L_Caus: 0.0000  L_Spar: 0.0000  Acc@1: 75.0000  Acc@5: 87.5000
2026-03-27 15:35:01 INFO:train: * Acc@1 = 87.5000, Acc@5 = 97.9167, loss = 1.2191
2026-03-27 15:35:01 INFO:train:Training time 0:10:14, max_test_acc1 87.5000, test_acc5_at_max_test_acc1 97.9167
2026-03-27 15:35:17 INFO:train:Train: [0:10:30] [Epoch: 23/160] [Iter:   73/73]  Loss_Tot: 1.6739  L_Full: 0.8255  L_Mask: 0.8484  L_Caus: 0.0000  L_Spar: 0.0000  FR: 0.1412  Wgt(C/S): 0.00/0.00  LR: 4.716e-03  Acc@1: 93.7500
2026-03-27 15:35:26 INFO:train:Test:  [0:10:39] [Iter:   18/18]  Loss_Tot: 1.7632  L_Caus: 0.0000  L_Spar: 0.0000  Acc@1: 62.5000  Acc@5: 87.5000
2026-03-27 15:35:26 INFO:train: * Acc@1 = 85.4167, Acc@5 = 98.2639, loss = 1.0667
2026-03-27 15:35:26 INFO:train:Training time 0:10:39, max_test_acc1 87.5000, test_acc5_at_max_test_acc1 97.9167
2026-03-27 15:35:42 INFO:train:Train: [0:10:56] [Epoch: 24/160] [Iter:   73/73]  Loss_Tot: 1.2654  L_Full: 0.6201  L_Mask: 0.6453  L_Caus: 0.0000  L_Spar: 0.0000  FR: 0.1571  Wgt(C/S): 0.00/0.00  LR: 4.691e-03  Acc@1: 100.0000
2026-03-27 15:35:52 INFO:train:Test:  [0:11:05] [Iter:   18/18]  Loss_Tot: 1.3192  L_Caus: 0.0000  L_Spar: 0.0000  Acc@1: 62.5000  Acc@5: 100.0000
2026-03-27 15:35:52 INFO:train: * Acc@1 = 91.3194, Acc@5 = 99.6528, loss = 0.6812
2026-03-27 15:35:52 INFO:train:Training time 0:11:05, max_test_acc1 91.3194, test_acc5_at_max_test_acc1 99.6528
2026-03-27 15:36:08 INFO:train:Train: [0:11:21] [Epoch: 25/160] [Iter:   73/73]  Loss_Tot: 5.9279  L_Full: 2.8999  L_Mask: 3.0279  L_Caus: 0.0000  L_Spar: 0.0000  FR: 0.1299  Wgt(C/S): 0.00/0.00  LR: 4.666e-03  Acc@1:  0.0000
2026-03-27 15:36:17 INFO:train:Test:  [0:11:31] [Iter:   18/18]  Loss_Tot: 2.5212  L_Caus: 0.0000  L_Spar: 0.0000  Acc@1: 56.2500  Acc@5: 75.0000
2026-03-27 15:36:18 INFO:train: * Acc@1 = 85.4167, Acc@5 = 97.5694, loss = 1.1973
2026-03-27 15:36:18 INFO:train:Training time 0:11:31, max_test_acc1 91.3194, test_acc5_at_max_test_acc1 99.6528
2026-03-27 15:36:34 INFO:train:Train: [0:11:47] [Epoch: 26/160] [Iter:   73/73]  Loss_Tot: 1.5373  L_Full: 0.7976  L_Mask: 0.7396  L_Caus: 0.0000  L_Spar: 0.0000  FR: 0.1372  Wgt(C/S): 0.00/0.00  LR: 4.639e-03  Acc@1: 93.7500
2026-03-27 15:36:43 INFO:train:Test:  [0:11:56] [Iter:   18/18]  Loss_Tot: 2.7998  L_Caus: 0.0000  L_Spar: 0.0000  Acc@1: 50.0000  Acc@5: 75.0000
2026-03-27 15:36:44 INFO:train: * Acc@1 = 71.1806, Acc@5 = 97.2222, loss = 1.3738
2026-03-27 15:36:44 INFO:train:Training time 0:11:57, max_test_acc1 91.3194, test_acc5_at_max_test_acc1 99.6528
2026-03-27 15:37:00 INFO:train:Train: [0:12:13] [Epoch: 27/160] [Iter:   73/73]  Loss_Tot: 1.7576  L_Full: 0.8722  L_Mask: 0.8855  L_Caus: 0.0000  L_Spar: 0.0000  FR: 0.1238  Wgt(C/S): 0.00/0.00  LR: 4.612e-03  Acc@1: 87.5000
2026-03-27 15:37:09 INFO:train:Test:  [0:12:22] [Iter:   18/18]  Loss_Tot: 1.9167  L_Caus: 0.0000  L_Spar: 0.0000  Acc@1: 62.5000  Acc@5: 75.0000
2026-03-27 15:37:09 INFO:train: * Acc@1 = 82.9861, Acc@5 = 97.9167, loss = 1.1442
2026-03-27 15:37:09 INFO:train:Training time 0:12:22, max_test_acc1 91.3194, test_acc5_at_max_test_acc1 99.6528
2026-03-27 15:37:25 INFO:train:Train: [0:12:38] [Epoch: 28/160] [Iter:   73/73]  Loss_Tot: 1.5712  L_Full: 0.7905  L_Mask: 0.7807  L_Caus: 0.0000  L_Spar: 0.0000  FR: 0.1321  Wgt(C/S): 0.00/0.00  LR: 4.583e-03  Acc@1: 87.5000
2026-03-27 15:37:34 INFO:train:Test:  [0:12:48] [Iter:   18/18]  Loss_Tot: 2.3500  L_Caus: 0.0000  L_Spar: 0.0000  Acc@1: 56.2500  Acc@5: 81.2500
2026-03-27 15:37:35 INFO:train: * Acc@1 = 85.7639, Acc@5 = 97.5694, loss = 1.0402
2026-03-27 15:37:35 INFO:train:Training time 0:12:48, max_test_acc1 91.3194, test_acc5_at_max_test_acc1 99.6528
2026-03-27 15:37:51 INFO:train:Train: [0:13:04] [Epoch: 29/160] [Iter:   73/73]  Loss_Tot: 1.5710  L_Full: 0.7790  L_Mask: 0.7920  L_Caus: 0.0000  L_Spar: 0.0000  FR: 0.1277  Wgt(C/S): 0.00/0.00  LR: 4.554e-03  Acc@1: 87.5000
2026-03-27 15:38:00 INFO:train:Test:  [0:13:13] [Iter:   18/18]  Loss_Tot: 2.2756  L_Caus: 0.0000  L_Spar: 0.0000  Acc@1: 56.2500  Acc@5: 93.7500
2026-03-27 15:38:00 INFO:train: * Acc@1 = 86.4583, Acc@5 = 97.9167, loss = 1.0408
2026-03-27 15:38:00 INFO:train:Training time 0:13:14, max_test_acc1 91.3194, test_acc5_at_max_test_acc1 99.6528
2026-03-27 15:38:17 INFO:train:Train: [0:13:30] [Epoch: 30/160] [Iter:   73/73]  Loss_Tot: 3.0057  L_Full: 1.4860  L_Mask: 1.5198  L_Caus: 0.0000  L_Spar: 0.0000  FR: 0.0965  Wgt(C/S): 0.00/0.00  LR: 4.523e-03  Acc@1: 68.7500
2026-03-27 15:38:26 INFO:train:Test:  [0:13:39] [Iter:   18/18]  Loss_Tot: 3.5326  L_Caus: 0.0000  L_Spar: 0.0000  Acc@1: 43.7500  Acc@5: 62.5000
2026-03-27 15:38:26 INFO:train: * Acc@1 = 82.9861, Acc@5 = 96.8750, loss = 1.3187
2026-03-27 15:38:26 INFO:train:Training time 0:13:39, max_test_acc1 91.3194, test_acc5_at_max_test_acc1 99.6528
2026-03-27 15:38:42 INFO:train:Train: [0:13:56] [Epoch: 31/160] [Iter:   73/73]  Loss_Tot: 1.3356  L_Full: 0.6689  L_Mask: 0.6667  L_Caus: 0.0000  L_Spar: 0.0000  FR: 0.1274  Wgt(C/S): 0.00/0.00  LR: 4.492e-03  Acc@1: 93.7500
2026-03-27 15:38:52 INFO:train:Test:  [0:14:05] [Iter:   18/18]  Loss_Tot: 1.3448  L_Caus: 0.0000  L_Spar: 0.0000  Acc@1: 68.7500  Acc@5: 100.0000
2026-03-27 15:38:52 INFO:train: * Acc@1 = 75.6944, Acc@5 = 97.2222, loss = 1.5520
2026-03-27 15:38:52 INFO:train:Training time 0:14:06, max_test_acc1 91.3194, test_acc5_at_max_test_acc1 99.6528
2026-03-27 15:39:09 INFO:train:Train: [0:14:22] [Epoch: 32/160] [Iter:   73/73]  Loss_Tot: 5.0259  L_Full: 2.3893  L_Mask: 2.6366  L_Caus: 0.0000  L_Spar: 0.0000  FR: 0.1247  Wgt(C/S): 0.00/0.00  LR: 4.460e-03  Acc@1: 12.5000
2026-03-27 15:39:19 INFO:train:Test:  [0:14:32] [Iter:   18/18]  Loss_Tot: 1.2518  L_Caus: 0.0000  L_Spar: 0.0000  Acc@1: 75.0000  Acc@5: 100.0000
2026-03-27 15:39:19 INFO:train: * Acc@1 = 89.2361, Acc@5 = 99.6528, loss = 1.0255
2026-03-27 15:39:19 INFO:train:Training time 0:14:32, max_test_acc1 91.3194, test_acc5_at_max_test_acc1 99.6528
2026-03-27 15:39:36 INFO:train:Train: [0:14:49] [Epoch: 33/160] [Iter:   73/73]  Loss_Tot: 1.3049  L_Full: 0.6575  L_Mask: 0.6474  L_Caus: 0.0000  L_Spar: 0.0000  FR: 0.1279  Wgt(C/S): 0.00/0.00  LR: 4.427e-03  Acc@1: 100.0000
2026-03-27 15:39:45 INFO:train:Test:  [0:14:59] [Iter:   18/18]  Loss_Tot: 2.1418  L_Caus: 0.0000  L_Spar: 0.0000  Acc@1: 56.2500  Acc@5: 100.0000
2026-03-27 15:39:46 INFO:train: * Acc@1 = 87.5000, Acc@5 = 99.6528, loss = 1.0392
2026-03-27 15:39:46 INFO:train:Training time 0:14:59, max_test_acc1 91.3194, test_acc5_at_max_test_acc1 99.6528
2026-03-27 15:40:02 INFO:train:Train: [0:15:15] [Epoch: 34/160] [Iter:   73/73]  Loss_Tot: 2.1415  L_Full: 1.1182  L_Mask: 1.0232  L_Caus: 0.0000  L_Spar: 0.0000  FR: 0.1072  Wgt(C/S): 0.00/0.00  LR: 4.394e-03  Acc@1: 87.5000
2026-03-27 15:40:12 INFO:train:Test:  [0:15:25] [Iter:   18/18]  Loss_Tot: 5.8124  L_Caus: 0.0000  L_Spar: 0.0000  Acc@1: 12.5000  Acc@5: 56.2500
2026-03-27 15:40:12 INFO:train: * Acc@1 = 64.5833, Acc@5 = 94.7917, loss = 2.4735
2026-03-27 15:40:12 INFO:train:Training time 0:15:25, max_test_acc1 91.3194, test_acc5_at_max_test_acc1 99.6528
2026-03-27 15:40:28 INFO:train:Train: [0:15:41] [Epoch: 35/160] [Iter:   73/73]  Loss_Tot: 3.5561  L_Full: 1.7802  L_Mask: 1.7758  L_Caus: 0.0000  L_Spar: 0.0000  FR: 0.1052  Wgt(C/S): 0.00/0.00  LR: 4.359e-03  Acc@1: 56.2500
2026-03-27 15:40:37 INFO:train:Test:  [0:15:50] [Iter:   18/18]  Loss_Tot: 1.6001  L_Caus: 0.0000  L_Spar: 0.0000  Acc@1: 62.5000  Acc@5: 100.0000
2026-03-27 15:40:37 INFO:train: * Acc@1 = 85.7639, Acc@5 = 99.3056, loss = 1.2252
2026-03-27 15:40:37 INFO:train:Training time 0:15:50, max_test_acc1 91.3194, test_acc5_at_max_test_acc1 99.6528
2026-03-27 15:40:53 INFO:train:Train: [0:16:06] [Epoch: 36/160] [Iter:   73/73]  Loss_Tot: 1.0982  L_Full: 0.5509  L_Mask: 0.5473  L_Caus: 0.0000  L_Spar: 0.0000  FR: 0.1335  Wgt(C/S): 0.00/0.00  LR: 4.324e-03  Acc@1: 100.0000
2026-03-27 15:41:03 INFO:train:Test:  [0:16:16] [Iter:   18/18]  Loss_Tot: 1.7161  L_Caus: 0.0000  L_Spar: 0.0000  Acc@1: 62.5000  Acc@5: 100.0000
2026-03-27 15:41:03 INFO:train: * Acc@1 = 82.9861, Acc@5 = 99.6528, loss = 0.9340
2026-03-27 15:41:03 INFO:train:Training time 0:16:16, max_test_acc1 91.3194, test_acc5_at_max_test_acc1 99.6528
2026-03-27 15:41:19 INFO:train:Train: [0:16:32] [Epoch: 37/160] [Iter:   73/73]  Loss_Tot: 2.6438  L_Full: 1.2993  L_Mask: 1.3445  L_Caus: 0.0000  L_Spar: 0.0000  FR: 0.1216  Wgt(C/S): 0.00/0.00  LR: 4.288e-03  Acc@1: 100.0000
2026-03-27 15:41:28 INFO:train:Test:  [0:16:41] [Iter:   18/18]  Loss_Tot: 1.6827  L_Caus: 0.0000  L_Spar: 0.0000  Acc@1: 68.7500  Acc@5: 100.0000
2026-03-27 15:41:28 INFO:train: * Acc@1 = 87.8472, Acc@5 = 98.2639, loss = 1.1238
2026-03-27 15:41:28 INFO:train:Training time 0:16:42, max_test_acc1 91.3194, test_acc5_at_max_test_acc1 99.6528
2026-03-27 15:41:44 INFO:train:Train: [0:16:57] [Epoch: 38/160] [Iter:   73/73]  Loss_Tot: 1.1665  L_Full: 0.5866  L_Mask: 0.5799  L_Caus: 0.0000  L_Spar: 0.0000  FR: 0.1229  Wgt(C/S): 0.00/0.00  LR: 4.251e-03  Acc@1: 100.0000
2026-03-27 15:41:53 INFO:train:Test:  [0:17:06] [Iter:   18/18]  Loss_Tot: 2.1551  L_Caus: 0.0000  L_Spar: 0.0000  Acc@1: 62.5000  Acc@5: 81.2500
2026-03-27 15:41:54 INFO:train: * Acc@1 = 92.7083, Acc@5 = 97.5694, loss = 0.9172
2026-03-27 15:41:54 INFO:train:Training time 0:17:07, max_test_acc1 92.7083, test_acc5_at_max_test_acc1 97.5694
2026-03-27 15:42:10 INFO:train:Train: [0:17:23] [Epoch: 39/160] [Iter:   73/73]  Loss_Tot: 4.2886  L_Full: 2.0339  L_Mask: 2.2547  L_Caus: 0.0000  L_Spar: 0.0000  FR: 0.1121  Wgt(C/S): 0.00/0.00  LR: 4.213e-03  Acc@1: 93.7500
2026-03-27 15:42:19 INFO:train:Test:  [0:17:32] [Iter:   18/18]  Loss_Tot: 0.5129  L_Caus: 0.0000  L_Spar: 0.0000  Acc@1: 100.0000  Acc@5: 100.0000
2026-03-27 15:42:19 INFO:train: * Acc@1 = 89.5833, Acc@5 = 99.6528, loss = 0.8502
2026-03-27 15:42:19 INFO:train:Training time 0:17:32, max_test_acc1 92.7083, test_acc5_at_max_test_acc1 97.5694
2026-03-27 15:42:35 INFO:train:Train: [0:17:48] [Epoch: 40/160] [Iter:   73/73]  Loss_Tot: 1.0962  L_Full: 0.5523  L_Mask: 0.5439  L_Caus: 0.0000  L_Spar: 0.0000  FR: 0.1287  Wgt(C/S): 0.00/0.00  LR: 4.174e-03  Acc@1: 100.0000
2026-03-27 15:42:44 INFO:train:Test:  [0:17:57] [Iter:   18/18]  Loss_Tot: 1.6794  L_Caus: 0.0000  L_Spar: 0.0000  Acc@1: 75.0000  Acc@5: 100.0000
2026-03-27 15:42:45 INFO:train: * Acc@1 = 88.5417, Acc@5 = 100.0000, loss = 1.1755
2026-03-27 15:42:45 INFO:train:Training time 0:17:58, max_test_acc1 92.7083, test_acc5_at_max_test_acc1 97.5694
2026-03-27 15:43:01 INFO:train:Train: [0:18:14] [Epoch: 41/160] [Iter:   73/73]  Loss_Tot: 1.2598  L_Full: 0.6369  L_Mask: 0.6213  L_Caus: 0.0146  L_Spar: 0.5024  FR: 0.1307  Wgt(C/S): 0.11/0.00  LR: 4.135e-03  Acc@1: 100.0000
2026-03-27 15:43:10 INFO:train:Test:  [0:18:23] [Iter:   18/18]  Loss_Tot: 1.7405  L_Caus: 0.2059  L_Spar: 0.5026  Acc@1: 62.5000  Acc@5: 100.0000
2026-03-27 15:43:10 INFO:train: * Acc@1 = 92.7083, Acc@5 = 98.9583, loss = 0.7264
2026-03-27 15:43:10 INFO:train:Training time 0:18:23, max_test_acc1 92.7083, test_acc5_at_max_test_acc1 97.5694
2026-03-27 15:43:26 INFO:train:Train: [0:18:39] [Epoch: 42/160] [Iter:   73/73]  Loss_Tot: 2.0376  L_Full: 1.0313  L_Mask: 1.0014  L_Caus: 0.0219  L_Spar: 0.5029  FR: 0.1078  Wgt(C/S): 0.22/0.00  LR: 4.095e-03  Acc@1: 93.7500
2026-03-27 15:43:35 INFO:train:Test:  [0:18:48] [Iter:   18/18]  Loss_Tot: 0.2733  L_Caus: 0.0780  L_Spar: 0.5031  Acc@1: 100.0000  Acc@5: 100.0000
2026-03-27 15:43:36 INFO:train: * Acc@1 = 93.4028, Acc@5 = 100.0000, loss = 0.6308
2026-03-27 15:43:36 INFO:train:Training time 0:18:49, max_test_acc1 93.4028, test_acc5_at_max_test_acc1 100.0000
2026-03-27 15:43:52 INFO:train:Train: [0:19:05] [Epoch: 43/160] [Iter:   73/73]  Loss_Tot: 1.1468  L_Full: 0.5697  L_Mask: 0.5748  L_Caus: 0.0069  L_Spar: 0.5024  FR: 0.1147  Wgt(C/S): 0.33/0.00  LR: 4.055e-03  Acc@1: 100.0000
2026-03-27 15:44:01 INFO:train:Test:  [0:19:14] [Iter:   18/18]  Loss_Tot: 2.5627  L_Caus: 0.2684  L_Spar: 0.5023  Acc@1: 50.0000  Acc@5: 87.5000
2026-03-27 15:44:01 INFO:train: * Acc@1 = 91.6667, Acc@5 = 98.6111, loss = 0.9180
2026-03-27 15:44:01 INFO:train:Training time 0:19:15, max_test_acc1 93.4028, test_acc5_at_max_test_acc1 100.0000
2026-03-27 15:44:18 INFO:train:Train: [0:19:31] [Epoch: 44/160] [Iter:   73/73]  Loss_Tot: 3.7310  L_Full: 1.8233  L_Mask: 1.8985  L_Caus: 0.0207  L_Spar: 0.5029  FR: 0.1218  Wgt(C/S): 0.44/0.00  LR: 4.013e-03  Acc@1: 50.0000
2026-03-27 15:44:27 INFO:train:Test:  [0:19:40] [Iter:   18/18]  Loss_Tot: 1.3146  L_Caus: 0.2934  L_Spar: 0.5028  Acc@1: 62.5000  Acc@5: 100.0000
2026-03-27 15:44:27 INFO:train: * Acc@1 = 84.0278, Acc@5 = 98.9583, loss = 0.8760
2026-03-27 15:44:27 INFO:train:Training time 0:19:40, max_test_acc1 93.4028, test_acc5_at_max_test_acc1 100.0000
2026-03-27 15:44:43 INFO:train:Train: [0:19:56] [Epoch: 45/160] [Iter:   73/73]  Loss_Tot: 1.1469  L_Full: 0.5686  L_Mask: 0.5739  L_Caus: 0.0079  L_Spar: 0.5024  FR: 0.1252  Wgt(C/S): 0.56/0.00  LR: 3.972e-03  Acc@1: 100.0000
2026-03-27 15:44:53 INFO:train:Test:  [0:20:06] [Iter:   18/18]  Loss_Tot: 1.0036  L_Caus: 0.3270  L_Spar: 0.5027  Acc@1: 75.0000  Acc@5: 100.0000
2026-03-27 15:44:53 INFO:train: * Acc@1 = 92.3611, Acc@5 = 99.3056, loss = 0.7657
2026-03-27 15:44:53 INFO:train:Training time 0:20:06, max_test_acc1 93.4028, test_acc5_at_max_test_acc1 100.0000
2026-03-27 15:45:10 INFO:train:Train: [0:20:23] [Epoch: 46/160] [Iter:   73/73]  Loss_Tot: 1.1400  L_Full: 0.5786  L_Mask: 0.5474  L_Caus: 0.0209  L_Spar: 0.5029  FR: 0.1108  Wgt(C/S): 0.67/0.00  LR: 3.929e-03  Acc@1: 100.0000
2026-03-27 15:45:19 INFO:train:Test:  [0:20:32] [Iter:   18/18]  Loss_Tot: 2.4501  L_Caus: 0.2697  L_Spar: 0.5030  Acc@1: 81.2500  Acc@5: 93.7500
2026-03-27 15:45:20 INFO:train: * Acc@1 = 90.9722, Acc@5 = 98.6111, loss = 1.2277
2026-03-27 15:45:20 INFO:train:Training time 0:20:33, max_test_acc1 93.4028, test_acc5_at_max_test_acc1 100.0000
2026-03-27 15:45:36 INFO:train:Train: [0:20:49] [Epoch: 47/160] [Iter:   73/73]  Loss_Tot: 1.2741  L_Full: 0.6315  L_Mask: 0.6379  L_Caus: 0.0060  L_Spar: 0.5039  FR: 0.1204  Wgt(C/S): 0.78/0.00  LR: 3.886e-03  Acc@1: 93.7500
2026-03-27 15:45:45 INFO:train:Test:  [0:20:58] [Iter:   18/18]  Loss_Tot: 0.6225  L_Caus: 0.0630  L_Spar: 0.5041  Acc@1: 100.0000  Acc@5: 100.0000
2026-03-27 15:45:46 INFO:train: * Acc@1 = 91.6667, Acc@5 = 99.6528, loss = 0.7578
2026-03-27 15:45:46 INFO:train:Training time 0:20:59, max_test_acc1 93.4028, test_acc5_at_max_test_acc1 100.0000
2026-03-27 15:46:02 INFO:train:Train: [0:21:15] [Epoch: 48/160] [Iter:   73/73]  Loss_Tot: 1.5035  L_Full: 0.7449  L_Mask: 0.7505  L_Caus: 0.0091  L_Spar: 0.5039  FR: 0.1104  Wgt(C/S): 0.89/0.00  LR: 3.842e-03  Acc@1: 93.7500
2026-03-27 15:46:11 INFO:train:Test:  [0:21:24] [Iter:   18/18]  Loss_Tot: 1.7884  L_Caus: 0.1587  L_Spar: 0.5043  Acc@1: 68.7500  Acc@5: 100.0000
2026-03-27 15:46:12 INFO:train: * Acc@1 = 82.2917, Acc@5 = 98.9583, loss = 1.0725
2026-03-27 15:46:12 INFO:train:Training time 0:21:25, max_test_acc1 93.4028, test_acc5_at_max_test_acc1 100.0000
2026-03-27 15:46:33 INFO:train:Train: [0:21:46] [Epoch: 49/160] [Iter:   73/73]  Loss_Tot: 1.6132  L_Full: 0.8078  L_Mask: 0.7976  L_Caus: 0.0078  L_Spar: 0.5044  FR: 0.1038  Wgt(C/S): 1.00/0.00  LR: 3.797e-03  Acc@1: 100.0000
2026-03-27 15:46:42 INFO:train:Test:  [0:21:55] [Iter:   18/18]  Loss_Tot: 1.5663  L_Caus: 0.1550  L_Spar: 0.5045  Acc@1: 68.7500  Acc@5: 100.0000
2026-03-27 15:46:42 INFO:train: * Acc@1 = 89.9306, Acc@5 = 99.3056, loss = 1.0211
2026-03-27 15:46:42 INFO:train:Training time 0:21:55, max_test_acc1 93.4028, test_acc5_at_max_test_acc1 100.0000
2026-03-27 15:46:59 INFO:train:Train: [0:22:12] [Epoch: 50/160] [Iter:   73/73]  Loss_Tot: 1.1205  L_Full: 0.5627  L_Mask: 0.5532  L_Caus: 0.0040  L_Spar: 0.5054  FR: 0.1112  Wgt(C/S): 1.11/0.00  LR: 3.753e-03  Acc@1: 100.0000
2026-03-27 15:47:08 INFO:train:Test:  [0:22:21] [Iter:   18/18]  Loss_Tot: 1.5947  L_Caus: 0.0779  L_Spar: 0.5048  Acc@1: 68.7500  Acc@5: 100.0000
2026-03-27 15:47:08 INFO:train: * Acc@1 = 86.8056, Acc@5 = 99.3056, loss = 1.1313
2026-03-27 15:47:08 INFO:train:Training time 0:22:21, max_test_acc1 93.4028, test_acc5_at_max_test_acc1 100.0000
2026-03-27 15:47:24 INFO:train:Train: [0:22:37] [Epoch: 51/160] [Iter:   73/73]  Loss_Tot: 1.3960  L_Full: 0.7040  L_Mask: 0.6853  L_Caus: 0.0055  L_Spar: 0.5049  FR: 0.1100  Wgt(C/S): 1.22/0.00  LR: 3.707e-03  Acc@1: 93.7500
2026-03-27 15:47:33 INFO:train:Test:  [0:22:46] [Iter:   18/18]  Loss_Tot: 3.2628  L_Caus: 0.1073  L_Spar: 0.5049  Acc@1: 62.5000  Acc@5: 68.7500
2026-03-27 15:47:33 INFO:train: * Acc@1 = 91.3194, Acc@5 = 96.8750, loss = 1.1057
2026-03-27 15:47:33 INFO:train:Training time 0:22:47, max_test_acc1 93.4028, test_acc5_at_max_test_acc1 100.0000
2026-03-27 15:47:49 INFO:train:Train: [0:23:02] [Epoch: 52/160] [Iter:   73/73]  Loss_Tot: 3.5157  L_Full: 1.7509  L_Mask: 1.7458  L_Caus: 0.0142  L_Spar: 0.5059  FR: 0.0948  Wgt(C/S): 1.33/0.00  LR: 3.661e-03  Acc@1: 56.2500
2026-03-27 15:47:58 INFO:train:Test:  [0:23:12] [Iter:   18/18]  Loss_Tot: 0.6617  L_Caus: 0.0479  L_Spar: 0.5047  Acc@1: 100.0000  Acc@5: 100.0000
2026-03-27 15:47:59 INFO:train: * Acc@1 = 93.0556, Acc@5 = 100.0000, loss = 0.8842
2026-03-27 15:47:59 INFO:train:Training time 0:23:12, max_test_acc1 93.4028, test_acc5_at_max_test_acc1 100.0000
2026-03-27 15:48:14 INFO:train:Train: [0:23:28] [Epoch: 53/160] [Iter:   73/73]  Loss_Tot: 1.3718  L_Full: 0.7044  L_Mask: 0.6535  L_Caus: 0.0096  L_Spar: 0.5068  FR: 0.1208  Wgt(C/S): 1.44/0.00  LR: 3.614e-03  Acc@1: 100.0000
2026-03-27 15:48:24 INFO:train:Test:  [0:23:37] [Iter:   18/18]  Loss_Tot: 2.7904  L_Caus: 0.0979  L_Spar: 0.5085  Acc@1: 68.7500  Acc@5: 87.5000
2026-03-27 15:48:24 INFO:train: * Acc@1 = 88.1944, Acc@5 = 97.9167, loss = 1.0810
2026-03-27 15:48:24 INFO:train:Training time 0:23:37, max_test_acc1 93.4028, test_acc5_at_max_test_acc1 100.0000
2026-03-27 15:48:40 INFO:train:Train: [0:23:53] [Epoch: 54/160] [Iter:   73/73]  Loss_Tot: 1.6707  L_Full: 0.8406  L_Mask: 0.8125  L_Caus: 0.0113  L_Spar: 0.5083  FR: 0.1171  Wgt(C/S): 1.56/0.00  LR: 3.567e-03  Acc@1: 87.5000
2026-03-27 15:48:49 INFO:train:Test:  [0:24:02] [Iter:   18/18]  Loss_Tot: 2.1078  L_Caus: 0.0665  L_Spar: 0.5098  Acc@1: 62.5000  Acc@5: 100.0000
2026-03-27 15:48:49 INFO:train: * Acc@1 = 91.6667, Acc@5 = 99.6528, loss = 0.8012
2026-03-27 15:48:49 INFO:train:Training time 0:24:03, max_test_acc1 93.4028, test_acc5_at_max_test_acc1 100.0000
2026-03-27 15:49:06 INFO:train:Train: [0:24:19] [Epoch: 55/160] [Iter:   73/73]  Loss_Tot: 1.7003  L_Full: 0.8400  L_Mask: 0.8407  L_Caus: 0.0118  L_Spar: 0.5093  FR: 0.1082  Wgt(C/S): 1.67/0.00  LR: 3.520e-03  Acc@1: 93.7500
2026-03-27 15:49:15 INFO:train:Test:  [0:24:28] [Iter:   18/18]  Loss_Tot: 3.4736  L_Caus: 0.0551  L_Spar: 0.5115  Acc@1: 56.2500  Acc@5: 75.0000
2026-03-27 15:49:15 INFO:train: * Acc@1 = 88.1944, Acc@5 = 97.5694, loss = 1.0972
2026-03-27 15:49:15 INFO:train:Training time 0:24:28, max_test_acc1 93.4028, test_acc5_at_max_test_acc1 100.0000
2026-03-27 15:49:31 INFO:train:Train: [0:24:44] [Epoch: 56/160] [Iter:   73/73]  Loss_Tot: 1.6891  L_Full: 0.8546  L_Mask: 0.8252  L_Caus: 0.0052  L_Spar: 0.5098  FR: 0.1193  Wgt(C/S): 1.78/0.00  LR: 3.472e-03  Acc@1: 93.7500
2026-03-27 15:49:41 INFO:train:Test:  [0:24:54] [Iter:   18/18]  Loss_Tot: 0.7493  L_Caus: 0.0385  L_Spar: 0.5108  Acc@1: 87.5000  Acc@5: 100.0000
2026-03-27 15:49:41 INFO:train: * Acc@1 = 90.6250, Acc@5 = 98.9583, loss = 1.0286
2026-03-27 15:49:41 INFO:train:Training time 0:24:54, max_test_acc1 93.4028, test_acc5_at_max_test_acc1 100.0000
2026-03-27 15:49:57 INFO:train:Train: [0:25:10] [Epoch: 57/160] [Iter:   73/73]  Loss_Tot: 1.2880  L_Full: 0.6459  L_Mask: 0.6290  L_Caus: 0.0069  L_Spar: 0.5103  FR: 0.1199  Wgt(C/S): 1.89/0.00  LR: 3.423e-03  Acc@1: 100.0000
2026-03-27 15:50:07 INFO:train:Test:  [0:25:20] [Iter:   18/18]  Loss_Tot: 0.6065  L_Caus: 0.0255  L_Spar: 0.5108  Acc@1: 93.7500  Acc@5: 100.0000
2026-03-27 15:50:07 INFO:train: * Acc@1 = 94.7917, Acc@5 = 100.0000, loss = 0.5851
2026-03-27 15:50:07 INFO:train:Training time 0:25:20, max_test_acc1 94.7917, test_acc5_at_max_test_acc1 100.0000
2026-03-27 15:50:23 INFO:train:Train: [0:25:36] [Epoch: 58/160] [Iter:   73/73]  Loss_Tot: 1.1550  L_Full: 0.5693  L_Mask: 0.5734  L_Caus: 0.0061  L_Spar: 0.5117  FR: 0.1224  Wgt(C/S): 2.00/0.00  LR: 3.375e-03  Acc@1: 100.0000
2026-03-27 15:50:32 INFO:train:Test:  [0:25:45] [Iter:   18/18]  Loss_Tot: 0.9745  L_Caus: 0.0331  L_Spar: 0.5137  Acc@1: 93.7500  Acc@5: 100.0000
2026-03-27 15:50:32 INFO:train: * Acc@1 = 96.1806, Acc@5 = 100.0000, loss = 0.6481
2026-03-27 15:50:32 INFO:train:Training time 0:25:46, max_test_acc1 96.1806, test_acc5_at_max_test_acc1 100.0000
2026-03-27 15:50:49 INFO:train:Train: [0:26:02] [Epoch: 59/160] [Iter:   73/73]  Loss_Tot: 1.3090  L_Full: 0.6559  L_Mask: 0.6377  L_Caus: 0.0072  L_Spar: 0.5132  FR: 0.1185  Wgt(C/S): 2.11/0.00  LR: 3.326e-03  Acc@1: 100.0000
2026-03-27 15:50:58 INFO:train:Test:  [0:26:11] [Iter:   18/18]  Loss_Tot: 1.3310  L_Caus: 0.0489  L_Spar: 0.5134  Acc@1: 81.2500  Acc@5: 100.0000
2026-03-27 15:50:58 INFO:train: * Acc@1 = 93.0556, Acc@5 = 99.6528, loss = 0.7329
2026-03-27 15:50:58 INFO:train:Training time 0:26:12, max_test_acc1 96.1806, test_acc5_at_max_test_acc1 100.0000
2026-03-27 15:51:15 INFO:train:Train: [0:26:28] [Epoch: 60/160] [Iter:   73/73]  Loss_Tot: 2.5753  L_Full: 1.2812  L_Mask: 1.2813  L_Caus: 0.0057  L_Spar: 0.5132  FR: 0.1262  Wgt(C/S): 2.22/0.00  LR: 3.276e-03  Acc@1: 93.7500
2026-03-27 15:51:25 INFO:train:Test:  [0:26:38] [Iter:   18/18]  Loss_Tot: 0.7068  L_Caus: 0.0384  L_Spar: 0.5141  Acc@1: 87.5000  Acc@5: 100.0000
2026-03-27 15:51:25 INFO:train: * Acc@1 = 91.6667, Acc@5 = 99.6528, loss = 0.6932
2026-03-27 15:51:25 INFO:train:Training time 0:26:38, max_test_acc1 96.1806, test_acc5_at_max_test_acc1 100.0000
2026-03-27 15:51:41 INFO:train:Train: [0:26:55] [Epoch: 61/160] [Iter:   73/73]  Loss_Tot: 2.9778  L_Full: 1.4920  L_Mask: 1.4639  L_Caus: 0.0093  L_Spar: 0.5137  FR: 0.1158  Wgt(C/S): 2.33/0.00  LR: 3.226e-03  Acc@1: 75.0000
2026-03-27 15:51:51 INFO:train:Test:  [0:27:04] [Iter:   18/18]  Loss_Tot: 0.9535  L_Caus: 0.0193  L_Spar: 0.5123  Acc@1: 93.7500  Acc@5: 100.0000
2026-03-27 15:51:51 INFO:train: * Acc@1 = 95.8333, Acc@5 = 100.0000, loss = 0.6830
2026-03-27 15:51:51 INFO:train:Training time 0:27:04, max_test_acc1 96.1806, test_acc5_at_max_test_acc1 100.0000
2026-03-27 15:52:07 INFO:train:Train: [0:27:21] [Epoch: 62/160] [Iter:   73/73]  Loss_Tot: 3.0474  L_Full: 1.5067  L_Mask: 1.5157  L_Caus: 0.0102  L_Spar: 0.5146  FR: 0.1180  Wgt(C/S): 2.44/0.00  LR: 3.176e-03  Acc@1: 81.2500
2026-03-27 15:52:17 INFO:train:Test:  [0:27:30] [Iter:   18/18]  Loss_Tot: 0.8193  L_Caus: 0.0268  L_Spar: 0.5140  Acc@1: 93.7500  Acc@5: 100.0000
2026-03-27 15:52:17 INFO:train: * Acc@1 = 96.1806, Acc@5 = 99.3056, loss = 0.6195
2026-03-27 15:52:17 INFO:train:Training time 0:27:30, max_test_acc1 96.1806, test_acc5_at_max_test_acc1 100.0000
2026-03-27 15:52:33 INFO:train:Train: [0:27:46] [Epoch: 63/160] [Iter:   73/73]  Loss_Tot: 1.3162  L_Full: 0.6575  L_Mask: 0.6435  L_Caus: 0.0059  L_Spar: 0.5151  FR: 0.1143  Wgt(C/S): 2.56/0.00  LR: 3.125e-03  Acc@1: 100.0000
2026-03-27 15:52:42 INFO:train:Test:  [0:27:55] [Iter:   18/18]  Loss_Tot: 1.5793  L_Caus: 0.0560  L_Spar: 0.5162  Acc@1: 68.7500  Acc@5: 100.0000
2026-03-27 15:52:43 INFO:train: * Acc@1 = 93.4028, Acc@5 = 99.6528, loss = 0.8278
2026-03-27 15:52:43 INFO:train:Training time 0:27:56, max_test_acc1 96.1806, test_acc5_at_max_test_acc1 100.0000
2026-03-27 15:52:58 INFO:train:Train: [0:28:12] [Epoch: 64/160] [Iter:   73/73]  Loss_Tot: 1.2398  L_Full: 0.6153  L_Mask: 0.6113  L_Caus: 0.0049  L_Spar: 0.5166  FR: 0.1202  Wgt(C/S): 2.67/0.00  LR: 3.075e-03  Acc@1: 100.0000
2026-03-27 15:53:08 INFO:train:Test:  [0:28:21] [Iter:   18/18]  Loss_Tot: 1.5933  L_Caus: 0.0411  L_Spar: 0.5188  Acc@1: 68.7500  Acc@5: 100.0000
2026-03-27 15:53:08 INFO:train: * Acc@1 = 94.0972, Acc@5 = 99.6528, loss = 0.7694
2026-03-27 15:53:08 INFO:train:Training time 0:28:21, max_test_acc1 96.1806, test_acc5_at_max_test_acc1 100.0000
2026-03-27 15:53:24 INFO:train:Train: [0:28:37] [Epoch: 65/160] [Iter:   73/73]  Loss_Tot: 3.0710  L_Full: 1.5269  L_Mask: 1.5130  L_Caus: 0.0111  L_Spar: 0.5195  FR: 0.1093  Wgt(C/S): 2.78/0.00  LR: 3.024e-03  Acc@1: 56.2500
2026-03-27 15:53:33 INFO:train:Test:  [0:28:46] [Iter:   18/18]  Loss_Tot: 0.9628  L_Caus: 0.0478  L_Spar: 0.5197  Acc@1: 87.5000  Acc@5: 100.0000
2026-03-27 15:53:33 INFO:train: * Acc@1 = 90.2778, Acc@5 = 100.0000, loss = 0.8954
2026-03-27 15:53:33 INFO:train:Training time 0:28:47, max_test_acc1 96.1806, test_acc5_at_max_test_acc1 100.0000
2026-03-27 15:53:49 INFO:train:Train: [0:29:02] [Epoch: 66/160] [Iter:   73/73]  Loss_Tot: 1.1854  L_Full: 0.5871  L_Mask: 0.5790  L_Caus: 0.0066  L_Spar: 0.5200  FR: 0.1182  Wgt(C/S): 2.89/0.00  LR: 2.973e-03  Acc@1: 100.0000
2026-03-27 15:53:58 INFO:train:Test:  [0:29:11] [Iter:   18/18]  Loss_Tot: 1.2645  L_Caus: 0.0472  L_Spar: 0.5219  Acc@1: 87.5000  Acc@5: 100.0000
2026-03-27 15:53:59 INFO:train: * Acc@1 = 93.0556, Acc@5 = 99.3056, loss = 0.9760
2026-03-27 15:53:59 INFO:train:Training time 0:29:12, max_test_acc1 96.1806, test_acc5_at_max_test_acc1 100.0000
2026-03-27 15:54:15 INFO:train:Train: [0:29:28] [Epoch: 67/160] [Iter:   73/73]  Loss_Tot: 1.3585  L_Full: 0.6737  L_Mask: 0.6736  L_Caus: 0.0037  L_Spar: 0.5205  FR: 0.1203  Wgt(C/S): 3.00/0.00  LR: 2.921e-03  Acc@1: 100.0000
2026-03-27 15:54:24 INFO:train:Test:  [0:29:37] [Iter:   18/18]  Loss_Tot: 1.2458  L_Caus: 0.0414  L_Spar: 0.5203  Acc@1: 87.5000  Acc@5: 100.0000
2026-03-27 15:54:24 INFO:train: * Acc@1 = 86.8056, Acc@5 = 100.0000, loss = 1.1884
2026-03-27 15:54:24 INFO:train:Training time 0:29:37, max_test_acc1 96.1806, test_acc5_at_max_test_acc1 100.0000
2026-03-27 15:54:40 INFO:train:Train: [0:29:53] [Epoch: 68/160] [Iter:   73/73]  Loss_Tot: 1.3668  L_Full: 0.6913  L_Mask: 0.6601  L_Caus: 0.0049  L_Spar: 0.5205  FR: 0.1080  Wgt(C/S): 3.11/0.00  LR: 2.869e-03  Acc@1: 100.0000
2026-03-27 15:54:49 INFO:train:Test:  [0:30:02] [Iter:   18/18]  Loss_Tot: 1.5295  L_Caus: 0.0869  L_Spar: 0.5222  Acc@1: 93.7500  Acc@5: 100.0000
2026-03-27 15:54:49 INFO:train: * Acc@1 = 93.0556, Acc@5 = 99.6528, loss = 0.9235
2026-03-27 15:54:49 INFO:train:Training time 0:30:03, max_test_acc1 96.1806, test_acc5_at_max_test_acc1 100.0000
2026-03-27 15:55:05 INFO:train:Train: [0:30:19] [Epoch: 69/160] [Iter:   73/73]  Loss_Tot: 1.3202  L_Full: 0.6633  L_Mask: 0.6270  L_Caus: 0.0093  L_Spar: 0.5210  FR: 0.1080  Wgt(C/S): 3.22/0.00  LR: 2.818e-03  Acc@1: 100.0000
2026-03-27 15:55:15 INFO:train:Test:  [0:30:28] [Iter:   18/18]  Loss_Tot: 0.9517  L_Caus: 0.0206  L_Spar: 0.5226  Acc@1: 87.5000  Acc@5: 100.0000
2026-03-27 15:55:15 INFO:train: * Acc@1 = 95.4861, Acc@5 = 100.0000, loss = 0.7093
2026-03-27 15:55:15 INFO:train:Training time 0:30:28, max_test_acc1 96.1806, test_acc5_at_max_test_acc1 100.0000
2026-03-27 15:55:31 INFO:train:Train: [0:30:44] [Epoch: 70/160] [Iter:   73/73]  Loss_Tot: 1.3751  L_Full: 0.6776  L_Mask: 0.6837  L_Caus: 0.0041  L_Spar: 0.5225  FR: 0.1044  Wgt(C/S): 3.33/0.00  LR: 2.766e-03  Acc@1: 93.7500
2026-03-27 15:55:40 INFO:train:Test:  [0:30:53] [Iter:   18/18]  Loss_Tot: 1.2406  L_Caus: 0.0281  L_Spar: 0.5252  Acc@1: 81.2500  Acc@5: 100.0000
2026-03-27 15:55:40 INFO:train: * Acc@1 = 94.4444, Acc@5 = 99.6528, loss = 0.7980
2026-03-27 15:55:40 INFO:train:Training time 0:30:53, max_test_acc1 96.1806, test_acc5_at_max_test_acc1 100.0000
2026-03-27 15:55:56 INFO:train:Train: [0:31:09] [Epoch: 71/160] [Iter:   73/73]  Loss_Tot: 1.4768  L_Full: 0.7330  L_Mask: 0.7313  L_Caus: 0.0036  L_Spar: 0.5254  FR: 0.1089  Wgt(C/S): 3.44/0.00  LR: 2.714e-03  Acc@1: 100.0000
2026-03-27 15:56:05 INFO:train:Test:  [0:31:19] [Iter:   18/18]  Loss_Tot: 1.3309  L_Caus: 0.0206  L_Spar: 0.5275  Acc@1: 87.5000  Acc@5: 100.0000
2026-03-27 15:56:06 INFO:train: * Acc@1 = 90.6250, Acc@5 = 99.6528, loss = 1.0248
2026-03-27 15:56:06 INFO:train:Training time 0:31:19, max_test_acc1 96.1806, test_acc5_at_max_test_acc1 100.0000
2026-03-27 15:56:22 INFO:train:Train: [0:31:35] [Epoch: 72/160] [Iter:   73/73]  Loss_Tot: 1.6224  L_Full: 0.8132  L_Mask: 0.7780  L_Caus: 0.0087  L_Spar: 0.5254  FR: 0.1092  Wgt(C/S): 3.56/0.00  LR: 2.662e-03  Acc@1: 93.7500
2026-03-27 15:56:31 INFO:train:Test:  [0:31:44] [Iter:   18/18]  Loss_Tot: 0.6216  L_Caus: 0.0097  L_Spar: 0.5268  Acc@1: 93.7500  Acc@5: 100.0000
2026-03-27 15:56:31 INFO:train: * Acc@1 = 94.7917, Acc@5 = 99.3056, loss = 0.7153
2026-03-27 15:56:31 INFO:train:Training time 0:31:44, max_test_acc1 96.1806, test_acc5_at_max_test_acc1 100.0000
2026-03-27 15:56:47 INFO:train:Train: [0:32:01] [Epoch: 73/160] [Iter:   73/73]  Loss_Tot: 4.1949  L_Full: 2.0876  L_Mask: 2.0817  L_Caus: 0.0069  L_Spar: 0.5259  FR: 0.1065  Wgt(C/S): 3.67/0.00  LR: 2.609e-03  Acc@1: 12.5000
2026-03-27 15:56:57 INFO:train:Test:  [0:32:10] [Iter:   18/18]  Loss_Tot: 1.0717  L_Caus: 0.0282  L_Spar: 0.5280  Acc@1: 93.7500  Acc@5: 100.0000
2026-03-27 15:56:57 INFO:train: * Acc@1 = 96.5278, Acc@5 = 99.6528, loss = 0.6756
2026-03-27 15:56:57 INFO:train:Training time 0:32:10, max_test_acc1 96.5278, test_acc5_at_max_test_acc1 99.6528
2026-03-27 15:57:14 INFO:train:Train: [0:32:27] [Epoch: 74/160] [Iter:   73/73]  Loss_Tot: 1.1052  L_Full: 0.5463  L_Mask: 0.5414  L_Caus: 0.0046  L_Spar: 0.5269  FR: 0.1139  Wgt(C/S): 3.78/0.00  LR: 2.557e-03  Acc@1: 100.0000
2026-03-27 15:57:23 INFO:train:Test:  [0:32:37] [Iter:   18/18]  Loss_Tot: 0.7609  L_Caus: 0.0160  L_Spar: 0.5275  Acc@1: 100.0000  Acc@5: 100.0000
2026-03-27 15:57:24 INFO:train: * Acc@1 = 96.8750, Acc@5 = 99.6528, loss = 0.6417
2026-03-27 15:57:24 INFO:train:Training time 0:32:37, max_test_acc1 96.8750, test_acc5_at_max_test_acc1 99.6528
2026-03-27 15:57:40 INFO:train:Train: [0:32:53] [Epoch: 75/160] [Iter:   73/73]  Loss_Tot: 1.2175  L_Full: 0.6070  L_Mask: 0.5990  L_Caus: 0.0029  L_Spar: 0.5264  FR: 0.1172  Wgt(C/S): 3.89/0.00  LR: 2.505e-03  Acc@1: 93.7500
2026-03-27 15:57:50 INFO:train:Test:  [0:33:03] [Iter:   18/18]  Loss_Tot: 0.7486  L_Caus: 0.0352  L_Spar: 0.5291  Acc@1: 93.7500  Acc@5: 100.0000
2026-03-27 15:57:50 INFO:train: * Acc@1 = 96.5278, Acc@5 = 100.0000, loss = 0.4714
2026-03-27 15:57:50 INFO:train:Training time 0:33:03, max_test_acc1 96.8750, test_acc5_at_max_test_acc1 99.6528
2026-03-27 15:58:06 INFO:train:Train: [0:33:20] [Epoch: 76/160] [Iter:   73/73]  Loss_Tot: 1.0756  L_Full: 0.5258  L_Mask: 0.5270  L_Caus: 0.0056  L_Spar: 0.5278  FR: 0.1184  Wgt(C/S): 4.00/0.00  LR: 2.453e-03  Acc@1: 100.0000
2026-03-27 15:58:16 INFO:train:Test:  [0:33:29] [Iter:   18/18]  Loss_Tot: 0.7053  L_Caus: 0.0336  L_Spar: 0.5275  Acc@1: 93.7500  Acc@5: 100.0000
2026-03-27 15:58:16 INFO:train: * Acc@1 = 96.5278, Acc@5 = 100.0000, loss = 0.4449
2026-03-27 15:58:16 INFO:train:Training time 0:33:29, max_test_acc1 96.8750, test_acc5_at_max_test_acc1 99.6528
2026-03-27 15:58:32 INFO:train:Train: [0:33:46] [Epoch: 77/160] [Iter:   73/73]  Loss_Tot: 1.2057  L_Full: 0.5938  L_Mask: 0.5799  L_Caus: 0.0077  L_Spar: 0.5288  FR: 0.1254  Wgt(C/S): 4.11/0.00  LR: 2.401e-03  Acc@1: 100.0000
2026-03-27 15:58:42 INFO:train:Test:  [0:33:55] [Iter:   18/18]  Loss_Tot: 0.9585  L_Caus: 0.0554  L_Spar: 0.5286  Acc@1: 87.5000  Acc@5: 100.0000
2026-03-27 15:58:42 INFO:train: * Acc@1 = 95.8333, Acc@5 = 100.0000, loss = 0.4762
2026-03-27 15:58:42 INFO:train:Training time 0:33:55, max_test_acc1 96.8750, test_acc5_at_max_test_acc1 99.6528
2026-03-27 15:58:58 INFO:train:Train: [0:34:11] [Epoch: 78/160] [Iter:   73/73]  Loss_Tot: 1.1725  L_Full: 0.5809  L_Mask: 0.5787  L_Caus: 0.0030  L_Spar: 0.5288  FR: 0.1190  Wgt(C/S): 4.22/0.00  LR: 2.348e-03  Acc@1: 100.0000
2026-03-27 15:59:07 INFO:train:Test:  [0:34:20] [Iter:   18/18]  Loss_Tot: 0.9694  L_Caus: 0.0451  L_Spar: 0.5294  Acc@1: 87.5000  Acc@5: 100.0000
2026-03-27 15:59:07 INFO:train: * Acc@1 = 96.5278, Acc@5 = 99.6528, loss = 0.4947
2026-03-27 15:59:07 INFO:train:Training time 0:34:20, max_test_acc1 96.8750, test_acc5_at_max_test_acc1 99.6528
2026-03-27 15:59:23 INFO:train:Train: [0:34:36] [Epoch: 79/160] [Iter:   73/73]  Loss_Tot: 1.0769  L_Full: 0.5300  L_Mask: 0.5238  L_Caus: 0.0053  L_Spar: 0.5273  FR: 0.1123  Wgt(C/S): 4.33/0.00  LR: 2.296e-03  Acc@1: 100.0000
2026-03-27 15:59:33 INFO:train:Test:  [0:34:46] [Iter:   18/18]  Loss_Tot: 0.7607  L_Caus: 0.0335  L_Spar: 0.5279  Acc@1: 87.5000  Acc@5: 100.0000
2026-03-27 15:59:33 INFO:train: * Acc@1 = 95.8333, Acc@5 = 100.0000, loss = 0.5035
2026-03-27 15:59:33 INFO:train:Training time 0:34:46, max_test_acc1 96.8750, test_acc5_at_max_test_acc1 99.6528
2026-03-27 15:59:50 INFO:train:Train: [0:35:03] [Epoch: 80/160] [Iter:   73/73]  Loss_Tot: 1.2978  L_Full: 0.6299  L_Mask: 0.6535  L_Caus: 0.0032  L_Spar: 0.5293  FR: 0.1218  Wgt(C/S): 4.44/0.00  LR: 2.244e-03  Acc@1: 93.7500
2026-03-27 16:00:00 INFO:train:Test:  [0:35:13] [Iter:   18/18]  Loss_Tot: 0.6881  L_Caus: 0.0223  L_Spar: 0.5302  Acc@1: 93.7500  Acc@5: 100.0000
2026-03-27 16:00:00 INFO:train: * Acc@1 = 96.1806, Acc@5 = 99.6528, loss = 0.5201
2026-03-27 16:00:00 INFO:train:Training time 0:35:13, max_test_acc1 96.8750, test_acc5_at_max_test_acc1 99.6528
2026-03-27 16:00:17 INFO:train:Train: [0:35:30] [Epoch: 81/160] [Iter:   73/73]  Loss_Tot: 1.0854  L_Full: 0.5347  L_Mask: 0.5334  L_Caus: 0.0037  L_Spar: 0.5293  FR: 0.1265  Wgt(C/S): 4.56/0.00  LR: 2.192e-03  Acc@1: 100.0000
2026-03-27 16:00:27 INFO:train:Test:  [0:35:41] [Iter:   18/18]  Loss_Tot: 0.9685  L_Caus: 0.0315  L_Spar: 0.5305  Acc@1: 87.5000  Acc@5: 100.0000
2026-03-27 16:00:28 INFO:train: * Acc@1 = 96.5278, Acc@5 = 100.0000, loss = 0.4486
2026-03-27 16:00:28 INFO:train:Training time 0:35:41, max_test_acc1 96.8750, test_acc5_at_max_test_acc1 99.6528
2026-03-27 16:00:44 INFO:train:Train: [0:35:57] [Epoch: 82/160] [Iter:   73/73]  Loss_Tot: 1.0692  L_Full: 0.5250  L_Mask: 0.5280  L_Caus: 0.0034  L_Spar: 0.5308  FR: 0.1266  Wgt(C/S): 4.67/0.00  LR: 2.141e-03  Acc@1: 100.0000
2026-03-27 16:00:54 INFO:train:Test:  [0:36:07] [Iter:   18/18]  Loss_Tot: 0.4076  L_Caus: 0.0137  L_Spar: 0.5301  Acc@1: 100.0000  Acc@5: 100.0000
2026-03-27 16:00:54 INFO:train: * Acc@1 = 95.4861, Acc@5 = 99.6528, loss = 0.4890
2026-03-27 16:00:54 INFO:train:Training time 0:36:07, max_test_acc1 96.8750, test_acc5_at_max_test_acc1 99.6528
2026-03-27 16:01:11 INFO:train:Train: [0:36:24] [Epoch: 83/160] [Iter:   73/73]  Loss_Tot: 1.1112  L_Full: 0.5494  L_Mask: 0.5419  L_Caus: 0.0041  L_Spar: 0.5317  FR: 0.1210  Wgt(C/S): 4.78/0.00  LR: 2.089e-03  Acc@1: 100.0000
2026-03-27 16:01:20 INFO:train:Test:  [0:36:33] [Iter:   18/18]  Loss_Tot: 0.3429  L_Caus: 0.0104  L_Spar: 0.5327  Acc@1: 100.0000  Acc@5: 100.0000
2026-03-27 16:01:20 INFO:train: * Acc@1 = 96.5278, Acc@5 = 100.0000, loss = 0.4977
2026-03-27 16:01:20 INFO:train:Training time 0:36:34, max_test_acc1 96.8750, test_acc5_at_max_test_acc1 99.6528
2026-03-27 16:01:37 INFO:train:Train: [0:36:50] [Epoch: 84/160] [Iter:   73/73]  Loss_Tot: 1.0970  L_Full: 0.5432  L_Mask: 0.5381  L_Caus: 0.0032  L_Spar: 0.5312  FR: 0.1235  Wgt(C/S): 4.89/0.00  LR: 2.037e-03  Acc@1: 100.0000
2026-03-27 16:01:46 INFO:train:Test:  [0:36:59] [Iter:   18/18]  Loss_Tot: 0.5038  L_Caus: 0.0210  L_Spar: 0.5323  Acc@1: 100.0000  Acc@5: 100.0000
2026-03-27 16:01:47 INFO:train: * Acc@1 = 96.5278, Acc@5 = 100.0000, loss = 0.4170
2026-03-27 16:01:47 INFO:train:Training time 0:37:00, max_test_acc1 96.8750, test_acc5_at_max_test_acc1 99.6528
2026-03-27 16:02:03 INFO:train:Train: [0:37:16] [Epoch: 85/160] [Iter:   73/73]  Loss_Tot: 1.2271  L_Full: 0.6070  L_Mask: 0.5753  L_Caus: 0.0089  L_Spar: 0.5337  FR: 0.1270  Wgt(C/S): 5.00/0.00  LR: 1.986e-03  Acc@1: 100.0000
2026-03-27 16:02:13 INFO:train:Test:  [0:37:26] [Iter:   18/18]  Loss_Tot: 0.4833  L_Caus: 0.0256  L_Spar: 0.5337  Acc@1: 100.0000  Acc@5: 100.0000
2026-03-27 16:02:13 INFO:train: * Acc@1 = 96.1806, Acc@5 = 100.0000, loss = 0.5112
2026-03-27 16:02:13 INFO:train:Training time 0:37:26, max_test_acc1 96.8750, test_acc5_at_max_test_acc1 99.6528
2026-03-27 16:02:29 INFO:train:Train: [0:37:43] [Epoch: 86/160] [Iter:   73/73]  Loss_Tot: 1.1603  L_Full: 0.5805  L_Mask: 0.5645  L_Caus: 0.0030  L_Spar: 0.5347  FR: 0.1316  Wgt(C/S): 5.00/0.00  LR: 1.935e-03  Acc@1: 100.0000
2026-03-27 16:02:39 INFO:train:Test:  [0:37:52] [Iter:   18/18]  Loss_Tot: 0.4203  L_Caus: 0.0133  L_Spar: 0.5341  Acc@1: 93.7500  Acc@5: 100.0000
2026-03-27 16:02:39 INFO:train: * Acc@1 = 95.1389, Acc@5 = 99.6528, loss = 0.5246
2026-03-27 16:02:39 INFO:train:Training time 0:37:52, max_test_acc1 96.8750, test_acc5_at_max_test_acc1 99.6528
2026-03-27 16:02:55 INFO:train:Train: [0:38:08] [Epoch: 87/160] [Iter:   73/73]  Loss_Tot: 1.0808  L_Full: 0.5295  L_Mask: 0.5318  L_Caus: 0.0039  L_Spar: 0.5356  FR: 0.1293  Wgt(C/S): 5.00/0.00  LR: 1.885e-03  Acc@1: 100.0000
2026-03-27 16:03:05 INFO:train:Test:  [0:38:18] [Iter:   18/18]  Loss_Tot: 0.6997  L_Caus: 0.0146  L_Spar: 0.5368  Acc@1: 93.7500  Acc@5: 100.0000
2026-03-27 16:03:05 INFO:train: * Acc@1 = 97.2222, Acc@5 = 99.6528, loss = 0.4332
2026-03-27 16:03:05 INFO:train:Training time 0:38:18, max_test_acc1 97.2222, test_acc5_at_max_test_acc1 99.6528
2026-03-27 16:03:21 INFO:train:Train: [0:38:35] [Epoch: 88/160] [Iter:   73/73]  Loss_Tot: 1.0720  L_Full: 0.5299  L_Mask: 0.5266  L_Caus: 0.0030  L_Spar: 0.5361  FR: 0.1293  Wgt(C/S): 5.00/0.00  LR: 1.834e-03  Acc@1: 100.0000
2026-03-27 16:03:31 INFO:train:Test:  [0:38:44] [Iter:   18/18]  Loss_Tot: 0.8681  L_Caus: 0.0168  L_Spar: 0.5363  Acc@1: 87.5000  Acc@5: 100.0000
2026-03-27 16:03:31 INFO:train: * Acc@1 = 95.8333, Acc@5 = 99.6528, loss = 0.4227
2026-03-27 16:03:31 INFO:train:Training time 0:38:44, max_test_acc1 97.2222, test_acc5_at_max_test_acc1 99.6528
2026-03-27 16:03:48 INFO:train:Train: [0:39:01] [Epoch: 89/160] [Iter:   73/73]  Loss_Tot: 1.1444  L_Full: 0.5673  L_Mask: 0.5629  L_Caus: 0.0028  L_Spar: 0.5352  FR: 0.1300  Wgt(C/S): 5.00/0.00  LR: 1.784e-03  Acc@1: 100.0000
2026-03-27 16:03:57 INFO:train:Test:  [0:39:10] [Iter:   18/18]  Loss_Tot: 0.3632  L_Caus: 0.0087  L_Spar: 0.5362  Acc@1: 100.0000  Acc@5: 100.0000
2026-03-27 16:03:57 INFO:train: * Acc@1 = 98.2639, Acc@5 = 100.0000, loss = 0.3956
2026-03-27 16:03:57 INFO:train:Training time 0:39:10, max_test_acc1 98.2639, test_acc5_at_max_test_acc1 100.0000
2026-03-27 16:04:13 INFO:train:Train: [0:39:27] [Epoch: 90/160] [Iter:   73/73]  Loss_Tot: 1.3837  L_Full: 0.7087  L_Mask: 0.6316  L_Caus: 0.0086  L_Spar: 0.5366  FR: 0.1272  Wgt(C/S): 5.00/0.00  LR: 1.734e-03  Acc@1: 87.5000
2026-03-27 16:04:22 INFO:train:Test:  [0:39:36] [Iter:   18/18]  Loss_Tot: 0.6076  L_Caus: 0.0101  L_Spar: 0.5367  Acc@1: 93.7500  Acc@5: 100.0000
2026-03-27 16:04:23 INFO:train: * Acc@1 = 95.1389, Acc@5 = 100.0000, loss = 0.4713
2026-03-27 16:04:23 INFO:train:Training time 0:39:36, max_test_acc1 98.2639, test_acc5_at_max_test_acc1 100.0000
2026-03-27 16:04:39 INFO:train:Train: [0:39:52] [Epoch: 91/160] [Iter:   73/73]  Loss_Tot: 1.1453  L_Full: 0.5624  L_Mask: 0.5647  L_Caus: 0.0036  L_Spar: 0.5386  FR: 0.1348  Wgt(C/S): 5.00/0.00  LR: 1.684e-03  Acc@1: 100.0000
2026-03-27 16:04:48 INFO:train:Test:  [0:40:01] [Iter:   18/18]  Loss_Tot: 1.1236  L_Caus: 0.0121  L_Spar: 0.5364  Acc@1: 87.5000  Acc@5: 100.0000
2026-03-27 16:04:48 INFO:train: * Acc@1 = 96.5278, Acc@5 = 100.0000, loss = 0.4394
2026-03-27 16:04:48 INFO:train:Training time 0:40:01, max_test_acc1 98.2639, test_acc5_at_max_test_acc1 100.0000
2026-03-27 16:05:04 INFO:train:Train: [0:40:17] [Epoch: 92/160] [Iter:   73/73]  Loss_Tot: 1.0816  L_Full: 0.5370  L_Mask: 0.5353  L_Caus: 0.0018  L_Spar: 0.5371  FR: 0.1316  Wgt(C/S): 5.00/0.00  LR: 1.635e-03  Acc@1: 100.0000
2026-03-27 16:05:13 INFO:train:Test:  [0:40:27] [Iter:   18/18]  Loss_Tot: 0.4430  L_Caus: 0.0064  L_Spar: 0.5380  Acc@1: 93.7500  Acc@5: 100.0000
2026-03-27 16:05:14 INFO:train: * Acc@1 = 97.5694, Acc@5 = 100.0000, loss = 0.3394
2026-03-27 16:05:14 INFO:train:Training time 0:40:27, max_test_acc1 98.2639, test_acc5_at_max_test_acc1 100.0000
2026-03-27 16:05:30 INFO:train:Train: [0:40:43] [Epoch: 93/160] [Iter:   73/73]  Loss_Tot: 1.0620  L_Full: 0.5253  L_Mask: 0.5249  L_Caus: 0.0023  L_Spar: 0.5376  FR: 0.1377  Wgt(C/S): 5.00/0.00  LR: 1.587e-03  Acc@1: 100.0000
2026-03-27 16:05:39 INFO:train:Test:  [0:40:52] [Iter:   18/18]  Loss_Tot: 0.6464  L_Caus: 0.0073  L_Spar: 0.5370  Acc@1: 93.7500  Acc@5: 100.0000
2026-03-27 16:05:39 INFO:train: * Acc@1 = 97.9167, Acc@5 = 99.6528, loss = 0.3598
2026-03-27 16:05:39 INFO:train:Training time 0:40:52, max_test_acc1 98.2639, test_acc5_at_max_test_acc1 100.0000
2026-03-27 16:05:55 INFO:train:Train: [0:41:08] [Epoch: 94/160] [Iter:   73/73]  Loss_Tot: 1.0527  L_Full: 0.5219  L_Mask: 0.5222  L_Caus: 0.0017  L_Spar: 0.5371  FR: 0.1351  Wgt(C/S): 5.00/0.00  LR: 1.538e-03  Acc@1: 100.0000
2026-03-27 16:06:04 INFO:train:Test:  [0:41:17] [Iter:   18/18]  Loss_Tot: 1.1275  L_Caus: 0.0121  L_Spar: 0.5394  Acc@1: 87.5000  Acc@5: 100.0000
2026-03-27 16:06:04 INFO:train: * Acc@1 = 96.8750, Acc@5 = 99.6528, loss = 0.4440
2026-03-27 16:06:04 INFO:train:Training time 0:41:17, max_test_acc1 98.2639, test_acc5_at_max_test_acc1 100.0000
2026-03-27 16:06:20 INFO:train:Train: [0:41:33] [Epoch: 95/160] [Iter:   73/73]  Loss_Tot: 1.3312  L_Full: 0.6569  L_Mask: 0.6536  L_Caus: 0.0041  L_Spar: 0.5376  FR: 0.1340  Wgt(C/S): 5.00/0.00  LR: 1.490e-03  Acc@1: 93.7500
2026-03-27 16:06:29 INFO:train:Test:  [0:41:42] [Iter:   18/18]  Loss_Tot: 0.6718  L_Caus: 0.0103  L_Spar: 0.5379  Acc@1: 93.7500  Acc@5: 100.0000
2026-03-27 16:06:29 INFO:train: * Acc@1 = 97.5694, Acc@5 = 99.6528, loss = 0.3562
2026-03-27 16:06:29 INFO:train:Training time 0:41:42, max_test_acc1 98.2639, test_acc5_at_max_test_acc1 100.0000
2026-03-27 16:06:45 INFO:train:Train: [0:41:59] [Epoch: 96/160] [Iter:   73/73]  Loss_Tot: 1.0533  L_Full: 0.5235  L_Mask: 0.5213  L_Caus: 0.0016  L_Spar: 0.5386  FR: 0.1334  Wgt(C/S): 5.00/0.00  LR: 1.443e-03  Acc@1: 100.0000
2026-03-27 16:06:55 INFO:train:Test:  [0:42:08] [Iter:   18/18]  Loss_Tot: 0.3864  L_Caus: 0.0076  L_Spar: 0.5375  Acc@1: 100.0000  Acc@5: 100.0000
2026-03-27 16:06:55 INFO:train: * Acc@1 = 95.8333, Acc@5 = 100.0000, loss = 0.4638
2026-03-27 16:06:55 INFO:train:Training time 0:42:08, max_test_acc1 98.2639, test_acc5_at_max_test_acc1 100.0000
2026-03-27 16:07:11 INFO:train:Train: [0:42:24] [Epoch: 97/160] [Iter:   73/73]  Loss_Tot: 1.0554  L_Full: 0.5208  L_Mask: 0.5218  L_Caus: 0.0025  L_Spar: 0.5386  FR: 0.1334  Wgt(C/S): 5.00/0.00  LR: 1.396e-03  Acc@1: 100.0000
2026-03-27 16:07:20 INFO:train:Test:  [0:42:33] [Iter:   18/18]  Loss_Tot: 0.3278  L_Caus: 0.0060  L_Spar: 0.5389  Acc@1: 100.0000  Acc@5: 100.0000
2026-03-27 16:07:20 INFO:train: * Acc@1 = 97.5694, Acc@5 = 100.0000, loss = 0.3906
2026-03-27 16:07:20 INFO:train:Training time 0:42:34, max_test_acc1 98.2639, test_acc5_at_max_test_acc1 100.0000
2026-03-27 16:07:36 INFO:train:Train: [0:42:50] [Epoch: 98/160] [Iter:   73/73]  Loss_Tot: 1.0926  L_Full: 0.5413  L_Mask: 0.5387  L_Caus: 0.0025  L_Spar: 0.5396  FR: 0.1404  Wgt(C/S): 5.00/0.00  LR: 1.349e-03  Acc@1: 100.0000
2026-03-27 16:07:46 INFO:train:Test:  [0:42:59] [Iter:   18/18]  Loss_Tot: 0.3748  L_Caus: 0.0049  L_Spar: 0.5393  Acc@1: 100.0000  Acc@5: 100.0000
2026-03-27 16:07:46 INFO:train: * Acc@1 = 97.2222, Acc@5 = 100.0000, loss = 0.3762
2026-03-27 16:07:46 INFO:train:Training time 0:42:59, max_test_acc1 98.2639, test_acc5_at_max_test_acc1 100.0000
2026-03-27 16:08:02 INFO:train:Train: [0:43:15] [Epoch: 99/160] [Iter:   73/73]  Loss_Tot: 1.1793  L_Full: 0.5836  L_Mask: 0.5833  L_Caus: 0.0024  L_Spar: 0.5396  FR: 0.1293  Wgt(C/S): 5.00/0.00  LR: 1.303e-03  Acc@1: 100.0000
2026-03-27 16:08:11 INFO:train:Test:  [0:43:25] [Iter:   18/18]  Loss_Tot: 0.5690  L_Caus: 0.0085  L_Spar: 0.5393  Acc@1: 93.7500  Acc@5: 100.0000
2026-03-27 16:08:12 INFO:train: * Acc@1 = 96.5278, Acc@5 = 100.0000, loss = 0.4099
2026-03-27 16:08:12 INFO:train:Training time 0:43:25, max_test_acc1 98.2639, test_acc5_at_max_test_acc1 100.0000
2026-03-27 16:08:28 INFO:train:Train: [0:43:41] [Epoch: 100/160] [Iter:   73/73]  Loss_Tot: 1.0550  L_Full: 0.5225  L_Mask: 0.5210  L_Caus: 0.0022  L_Spar: 0.5400  FR: 0.1399  Wgt(C/S): 5.00/0.00  LR: 1.257e-03  Acc@1: 100.0000
2026-03-27 16:08:37 INFO:train:Test:  [0:43:50] [Iter:   18/18]  Loss_Tot: 0.5217  L_Caus: 0.0135  L_Spar: 0.5387  Acc@1: 100.0000  Acc@5: 100.0000
2026-03-27 16:08:37 INFO:train: * Acc@1 = 98.2639, Acc@5 = 100.0000, loss = 0.3718
2026-03-27 16:08:37 INFO:train:Training time 0:43:50, max_test_acc1 98.2639, test_acc5_at_max_test_acc1 100.0000
2026-03-27 16:08:53 INFO:train:Train: [0:44:06] [Epoch: 101/160] [Iter:   73/73]  Loss_Tot: 1.0889  L_Full: 0.5416  L_Mask: 0.5316  L_Caus: 0.0031  L_Spar: 0.5396  FR: 0.1365  Wgt(C/S): 5.00/0.00  LR: 1.213e-03  Acc@1: 100.0000
2026-03-27 16:09:03 INFO:train:Test:  [0:44:16] [Iter:   18/18]  Loss_Tot: 0.4710  L_Caus: 0.0057  L_Spar: 0.5399  Acc@1: 93.7500  Acc@5: 100.0000
2026-03-27 16:09:03 INFO:train: * Acc@1 = 96.5278, Acc@5 = 100.0000, loss = 0.3707
2026-03-27 16:09:03 INFO:train:Training time 0:44:16, max_test_acc1 98.2639, test_acc5_at_max_test_acc1 100.0000
2026-03-27 16:09:20 INFO:train:Train: [0:44:33] [Epoch: 102/160] [Iter:   73/73]  Loss_Tot: 1.0667  L_Full: 0.5235  L_Mask: 0.5253  L_Caus: 0.0035  L_Spar: 0.5400  FR: 0.1418  Wgt(C/S): 5.00/0.00  LR: 1.168e-03  Acc@1: 100.0000
2026-03-27 16:09:29 INFO:train:Test:  [0:44:42] [Iter:   18/18]  Loss_Tot: 0.5988  L_Caus: 0.0062  L_Spar: 0.5403  Acc@1: 93.7500  Acc@5: 100.0000
2026-03-27 16:09:29 INFO:train: * Acc@1 = 96.5278, Acc@5 = 100.0000, loss = 0.3990
2026-03-27 16:09:29 INFO:train:Training time 0:44:43, max_test_acc1 98.2639, test_acc5_at_max_test_acc1 100.0000
2026-03-27 16:09:46 INFO:train:Train: [0:44:59] [Epoch: 103/160] [Iter:   73/73]  Loss_Tot: 1.0466  L_Full: 0.5203  L_Mask: 0.5198  L_Caus: 0.0012  L_Spar: 0.5405  FR: 0.1407  Wgt(C/S): 5.00/0.00  LR: 1.124e-03  Acc@1: 100.0000
2026-03-27 16:09:55 INFO:train:Test:  [0:45:09] [Iter:   18/18]  Loss_Tot: 1.8025  L_Caus: 0.0082  L_Spar: 0.5403  Acc@1: 68.7500  Acc@5: 100.0000
2026-03-27 16:09:56 INFO:train: * Acc@1 = 95.4861, Acc@5 = 99.6528, loss = 0.4490
2026-03-27 16:09:56 INFO:train:Training time 0:45:09, max_test_acc1 98.2639, test_acc5_at_max_test_acc1 100.0000
2026-03-27 16:10:12 INFO:train:Train: [0:45:25] [Epoch: 104/160] [Iter:   73/73]  Loss_Tot: 1.0513  L_Full: 0.5210  L_Mask: 0.5206  L_Caus: 0.0019  L_Spar: 0.5410  FR: 0.1384  Wgt(C/S): 5.00/0.00  LR: 1.081e-03  Acc@1: 100.0000
2026-03-27 16:10:21 INFO:train:Test:  [0:45:34] [Iter:   18/18]  Loss_Tot: 0.8456  L_Caus: 0.0061  L_Spar: 0.5410  Acc@1: 87.5000  Acc@5: 100.0000
2026-03-27 16:10:21 INFO:train: * Acc@1 = 96.8750, Acc@5 = 100.0000, loss = 0.4086
2026-03-27 16:10:21 INFO:train:Training time 0:45:35, max_test_acc1 98.2639, test_acc5_at_max_test_acc1 100.0000
2026-03-27 16:10:38 INFO:train:Train: [0:45:51] [Epoch: 105/160] [Iter:   73/73]  Loss_Tot: 1.0898  L_Full: 0.5360  L_Mask: 0.5382  L_Caus: 0.0031  L_Spar: 0.5396  FR: 0.1349  Wgt(C/S): 5.00/0.00  LR: 1.038e-03  Acc@1: 100.0000
2026-03-27 16:10:47 INFO:train:Test:  [0:46:00] [Iter:   18/18]  Loss_Tot: 0.3388  L_Caus: 0.0070  L_Spar: 0.5392  Acc@1: 100.0000  Acc@5: 100.0000
2026-03-27 16:10:47 INFO:train: * Acc@1 = 97.2222, Acc@5 = 100.0000, loss = 0.3898
2026-03-27 16:10:47 INFO:train:Training time 0:46:00, max_test_acc1 98.2639, test_acc5_at_max_test_acc1 100.0000
2026-03-27 16:11:03 INFO:train:Train: [0:46:16] [Epoch: 106/160] [Iter:   73/73]  Loss_Tot: 1.0534  L_Full: 0.5208  L_Mask: 0.5205  L_Caus: 0.0024  L_Spar: 0.5400  FR: 0.1370  Wgt(C/S): 5.00/0.00  LR: 9.965e-04  Acc@1: 100.0000
2026-03-27 16:11:12 INFO:train:Test:  [0:46:25] [Iter:   18/18]  Loss_Tot: 1.3008  L_Caus: 0.0149  L_Spar: 0.5402  Acc@1: 87.5000  Acc@5: 100.0000
2026-03-27 16:11:12 INFO:train: * Acc@1 = 95.4861, Acc@5 = 99.6528, loss = 0.4792
2026-03-27 16:11:12 INFO:train:Training time 0:46:25, max_test_acc1 98.2639, test_acc5_at_max_test_acc1 100.0000
2026-03-27 16:11:28 INFO:train:Train: [0:46:41] [Epoch: 107/160] [Iter:   73/73]  Loss_Tot: 1.0668  L_Full: 0.5264  L_Mask: 0.5270  L_Caus: 0.0026  L_Spar: 0.5400  FR: 0.1335  Wgt(C/S): 5.00/0.00  LR: 9.552e-04  Acc@1: 100.0000
2026-03-27 16:11:37 INFO:train:Test:  [0:46:50] [Iter:   18/18]  Loss_Tot: 0.4691  L_Caus: 0.0072  L_Spar: 0.5396  Acc@1: 100.0000  Acc@5: 100.0000
2026-03-27 16:11:38 INFO:train: * Acc@1 = 96.8750, Acc@5 = 99.6528, loss = 0.3436
2026-03-27 16:11:38 INFO:train:Training time 0:46:51, max_test_acc1 98.2639, test_acc5_at_max_test_acc1 100.0000
2026-03-27 16:11:53 INFO:train:Train: [0:47:07] [Epoch: 108/160] [Iter:   73/73]  Loss_Tot: 1.0456  L_Full: 0.5181  L_Mask: 0.5178  L_Caus: 0.0019  L_Spar: 0.5400  FR: 0.1422  Wgt(C/S): 5.00/0.00  LR: 9.146e-04  Acc@1: 100.0000
2026-03-27 16:12:03 INFO:train:Test:  [0:47:16] [Iter:   18/18]  Loss_Tot: 0.3852  L_Caus: 0.0096  L_Spar: 0.5414  Acc@1: 100.0000  Acc@5: 100.0000
2026-03-27 16:12:03 INFO:train: * Acc@1 = 97.2222, Acc@5 = 99.6528, loss = 0.3331
2026-03-27 16:12:03 INFO:train:Training time 0:47:16, max_test_acc1 98.2639, test_acc5_at_max_test_acc1 100.0000
2026-03-27 16:12:19 INFO:train:Train: [0:47:32] [Epoch: 109/160] [Iter:   73/73]  Loss_Tot: 1.1379  L_Full: 0.5605  L_Mask: 0.5676  L_Caus: 0.0019  L_Spar: 0.5396  FR: 0.1367  Wgt(C/S): 5.00/0.00  LR: 8.747e-04  Acc@1: 93.7500
2026-03-27 16:12:28 INFO:train:Test:  [0:47:41] [Iter:   18/18]  Loss_Tot: 0.5178  L_Caus: 0.0062  L_Spar: 0.5401  Acc@1: 100.0000  Acc@5: 100.0000
2026-03-27 16:12:29 INFO:train: * Acc@1 = 94.4444, Acc@5 = 100.0000, loss = 0.5878
2026-03-27 16:12:29 INFO:train:Training time 0:47:42, max_test_acc1 98.2639, test_acc5_at_max_test_acc1 100.0000
2026-03-27 16:12:45 INFO:train:Train: [0:47:58] [Epoch: 110/160] [Iter:   73/73]  Loss_Tot: 1.0778  L_Full: 0.5354  L_Mask: 0.5330  L_Caus: 0.0018  L_Spar: 0.5415  FR: 0.1411  Wgt(C/S): 5.00/0.00  LR: 8.355e-04  Acc@1: 100.0000
2026-03-27 16:12:54 INFO:train:Test:  [0:48:07] [Iter:   18/18]  Loss_Tot: 0.2958  L_Caus: 0.0075  L_Spar: 0.5413  Acc@1: 100.0000  Acc@5: 100.0000
2026-03-27 16:12:55 INFO:train: * Acc@1 = 97.5694, Acc@5 = 100.0000, loss = 0.3719
2026-03-27 16:12:55 INFO:train:Training time 0:48:08, max_test_acc1 98.2639, test_acc5_at_max_test_acc1 100.0000
2026-03-27 16:13:16 INFO:train:Train: [0:48:29] [Epoch: 111/160] [Iter:   73/73]  Loss_Tot: 1.0471  L_Full: 0.5197  L_Mask: 0.5192  L_Caus: 0.0016  L_Spar: 0.5415  FR: 0.1372  Wgt(C/S): 5.00/0.00  LR: 7.971e-04  Acc@1: 100.0000
2026-03-27 16:13:32 INFO:train:Test:  [0:48:45] [Iter:   18/18]  Loss_Tot: 0.6179  L_Caus: 0.0128  L_Spar: 0.5417  Acc@1: 93.7500  Acc@5: 100.0000
2026-03-27 16:13:32 INFO:train: * Acc@1 = 97.9167, Acc@5 = 99.6528, loss = 0.3412
2026-03-27 16:13:32 INFO:train:Training time 0:48:46, max_test_acc1 98.2639, test_acc5_at_max_test_acc1 100.0000
2026-03-27 16:13:49 INFO:train:Train: [0:49:02] [Epoch: 112/160] [Iter:   73/73]  Loss_Tot: 1.0552  L_Full: 0.5238  L_Mask: 0.5230  L_Caus: 0.0016  L_Spar: 0.5405  FR: 0.1382  Wgt(C/S): 5.00/0.00  LR: 7.593e-04  Acc@1: 100.0000
2026-03-27 16:13:58 INFO:train:Test:  [0:49:11] [Iter:   18/18]  Loss_Tot: 0.6092  L_Caus: 0.0109  L_Spar: 0.5414  Acc@1: 87.5000  Acc@5: 100.0000
2026-03-27 16:13:58 INFO:train: * Acc@1 = 96.1806, Acc@5 = 100.0000, loss = 0.3831
2026-03-27 16:13:58 INFO:train:Training time 0:49:11, max_test_acc1 98.2639, test_acc5_at_max_test_acc1 100.0000
2026-03-27 16:14:15 INFO:train:Train: [0:49:28] [Epoch: 113/160] [Iter:   73/73]  Loss_Tot: 1.0581  L_Full: 0.5243  L_Mask: 0.5264  L_Caus: 0.0014  L_Spar: 0.5415  FR: 0.1412  Wgt(C/S): 5.00/0.00  LR: 7.224e-04  Acc@1: 100.0000
2026-03-27 16:14:24 INFO:train:Test:  [0:49:37] [Iter:   18/18]  Loss_Tot: 0.2844  L_Caus: 0.0039  L_Spar: 0.5411  Acc@1: 100.0000  Acc@5: 100.0000
2026-03-27 16:14:24 INFO:train: * Acc@1 = 96.8750, Acc@5 = 100.0000, loss = 0.3724
2026-03-27 16:14:24 INFO:train:Training time 0:49:37, max_test_acc1 98.2639, test_acc5_at_max_test_acc1 100.0000
2026-03-27 16:14:40 INFO:train:Train: [0:49:53] [Epoch: 114/160] [Iter:   73/73]  Loss_Tot: 1.0515  L_Full: 0.5229  L_Mask: 0.5229  L_Caus: 0.0011  L_Spar: 0.5420  FR: 0.1375  Wgt(C/S): 5.00/0.00  LR: 6.862e-04  Acc@1: 100.0000
2026-03-27 16:14:50 INFO:train:Test:  [0:50:03] [Iter:   18/18]  Loss_Tot: 0.4619  L_Caus: 0.0136  L_Spar: 0.5405  Acc@1: 100.0000  Acc@5: 100.0000
2026-03-27 16:14:50 INFO:train: * Acc@1 = 98.2639, Acc@5 = 100.0000, loss = 0.3602
2026-03-27 16:14:50 INFO:train:Training time 0:50:03, max_test_acc1 98.2639, test_acc5_at_max_test_acc1 100.0000
2026-03-27 16:15:07 INFO:train:Train: [0:50:20] [Epoch: 115/160] [Iter:   73/73]  Loss_Tot: 1.0833  L_Full: 0.5352  L_Mask: 0.5341  L_Caus: 0.0027  L_Spar: 0.5420  FR: 0.1396  Wgt(C/S): 5.00/0.00  LR: 6.509e-04  Acc@1: 100.0000
2026-03-27 16:15:16 INFO:train:Test:  [0:50:30] [Iter:   18/18]  Loss_Tot: 0.5303  L_Caus: 0.0056  L_Spar: 0.5415  Acc@1: 93.7500  Acc@5: 100.0000
2026-03-27 16:15:17 INFO:train: * Acc@1 = 97.9167, Acc@5 = 100.0000, loss = 0.3350
2026-03-27 16:15:17 INFO:train:Training time 0:50:30, max_test_acc1 98.2639, test_acc5_at_max_test_acc1 100.0000
2026-03-27 16:15:33 INFO:train:Train: [0:50:46] [Epoch: 116/160] [Iter:   73/73]  Loss_Tot: 1.0489  L_Full: 0.5189  L_Mask: 0.5187  L_Caus: 0.0022  L_Spar: 0.5420  FR: 0.1448  Wgt(C/S): 5.00/0.00  LR: 6.163e-04  Acc@1: 100.0000
2026-03-27 16:15:43 INFO:train:Test:  [0:50:56] [Iter:   18/18]  Loss_Tot: 0.3638  L_Caus: 0.0044  L_Spar: 0.5412  Acc@1: 93.7500  Acc@5: 100.0000
2026-03-27 16:15:43 INFO:train: * Acc@1 = 97.2222, Acc@5 = 100.0000, loss = 0.3487
2026-03-27 16:15:43 INFO:train:Training time 0:50:56, max_test_acc1 98.2639, test_acc5_at_max_test_acc1 100.0000
2026-03-27 16:15:59 INFO:train:Train: [0:51:13] [Epoch: 117/160] [Iter:   73/73]  Loss_Tot: 1.0417  L_Full: 0.5179  L_Mask: 0.5173  L_Caus: 0.0012  L_Spar: 0.5415  FR: 0.1382  Wgt(C/S): 5.00/0.00  LR: 5.826e-04  Acc@1: 100.0000
2026-03-27 16:16:09 INFO:train:Test:  [0:51:22] [Iter:   18/18]  Loss_Tot: 0.3219  L_Caus: 0.0044  L_Spar: 0.5420  Acc@1: 93.7500  Acc@5: 100.0000
2026-03-27 16:16:09 INFO:train: * Acc@1 = 97.5694, Acc@5 = 100.0000, loss = 0.3201
2026-03-27 16:16:09 INFO:train:Training time 0:51:22, max_test_acc1 98.2639, test_acc5_at_max_test_acc1 100.0000
2026-03-27 16:16:25 INFO:train:Train: [0:51:39] [Epoch: 118/160] [Iter:   73/73]  Loss_Tot: 1.0539  L_Full: 0.5228  L_Mask: 0.5211  L_Caus: 0.0020  L_Spar: 0.5415  FR: 0.1348  Wgt(C/S): 5.00/0.00  LR: 5.497e-04  Acc@1: 100.0000
2026-03-27 16:16:35 INFO:train:Test:  [0:51:48] [Iter:   18/18]  Loss_Tot: 0.4953  L_Caus: 0.0087  L_Spar: 0.5418  Acc@1: 93.7500  Acc@5: 100.0000
2026-03-27 16:16:35 INFO:train: * Acc@1 = 96.5278, Acc@5 = 100.0000, loss = 0.4067
2026-03-27 16:16:35 INFO:train:Training time 0:51:48, max_test_acc1 98.2639, test_acc5_at_max_test_acc1 100.0000
2026-03-27 16:16:51 INFO:train:Train: [0:52:04] [Epoch: 119/160] [Iter:   73/73]  Loss_Tot: 1.0420  L_Full: 0.5187  L_Mask: 0.5190  L_Caus: 0.0008  L_Spar: 0.5430  FR: 0.1437  Wgt(C/S): 5.00/0.00  LR: 5.177e-04  Acc@1: 100.0000
2026-03-27 16:17:00 INFO:train:Test:  [0:52:13] [Iter:   18/18]  Loss_Tot: 0.3956  L_Caus: 0.0064  L_Spar: 0.5424  Acc@1: 93.7500  Acc@5: 100.0000
2026-03-27 16:17:01 INFO:train: * Acc@1 = 96.5278, Acc@5 = 100.0000, loss = 0.3858
2026-03-27 16:17:01 INFO:train:Training time 0:52:14, max_test_acc1 98.2639, test_acc5_at_max_test_acc1 100.0000
2026-03-27 16:17:17 INFO:train:Train: [0:52:30] [Epoch: 120/160] [Iter:   73/73]  Loss_Tot: 1.0526  L_Full: 0.5230  L_Mask: 0.5205  L_Caus: 0.0018  L_Spar: 0.5430  FR: 0.1438  Wgt(C/S): 5.00/0.00  LR: 4.865e-04  Acc@1: 100.0000
2026-03-27 16:17:26 INFO:train:Test:  [0:52:39] [Iter:   18/18]  Loss_Tot: 0.2788  L_Caus: 0.0055  L_Spar: 0.5422  Acc@1: 100.0000  Acc@5: 100.0000
2026-03-27 16:17:26 INFO:train: * Acc@1 = 96.8750, Acc@5 = 100.0000, loss = 0.3461
2026-03-27 16:17:26 INFO:train:Training time 0:52:39, max_test_acc1 98.2639, test_acc5_at_max_test_acc1 100.0000
2026-03-27 16:17:42 INFO:train:Train: [0:52:55] [Epoch: 121/160] [Iter:   73/73]  Loss_Tot: 1.0404  L_Full: 0.5169  L_Mask: 0.5170  L_Caus: 0.0012  L_Spar: 0.5425  FR: 0.1399  Wgt(C/S): 5.00/0.00  LR: 4.562e-04  Acc@1: 100.0000
2026-03-27 16:17:51 INFO:train:Test:  [0:53:04] [Iter:   18/18]  Loss_Tot: 0.3828  L_Caus: 0.0042  L_Spar: 0.5421  Acc@1: 100.0000  Acc@5: 100.0000
2026-03-27 16:17:51 INFO:train: * Acc@1 = 97.9167, Acc@5 = 100.0000, loss = 0.3429
2026-03-27 16:17:51 INFO:train:Training time 0:53:05, max_test_acc1 98.2639, test_acc5_at_max_test_acc1 100.0000
2026-03-27 16:18:08 INFO:train:Train: [0:53:21] [Epoch: 122/160] [Iter:   73/73]  Loss_Tot: 1.0545  L_Full: 0.5229  L_Mask: 0.5247  L_Caus: 0.0013  L_Spar: 0.5430  FR: 0.1444  Wgt(C/S): 5.00/0.00  LR: 4.269e-04  Acc@1: 100.0000
2026-03-27 16:18:17 INFO:train:Test:  [0:53:30] [Iter:   18/18]  Loss_Tot: 0.3811  L_Caus: 0.0079  L_Spar: 0.5426  Acc@1: 100.0000  Acc@5: 100.0000
2026-03-27 16:18:17 INFO:train: * Acc@1 = 97.9167, Acc@5 = 100.0000, loss = 0.3357
2026-03-27 16:18:17 INFO:train:Training time 0:53:30, max_test_acc1 98.2639, test_acc5_at_max_test_acc1 100.0000
2026-03-27 16:18:39 INFO:train:Train: [0:53:52] [Epoch: 123/160] [Iter:   73/73]  Loss_Tot: 1.0909  L_Full: 0.5430  L_Mask: 0.5384  L_Caus: 0.0018  L_Spar: 0.5420  FR: 0.1409  Wgt(C/S): 5.00/0.00  LR: 3.984e-04  Acc@1: 100.0000
2026-03-27 16:18:48 INFO:train:Test:  [0:54:02] [Iter:   18/18]  Loss_Tot: 0.4080  L_Caus: 0.0043  L_Spar: 0.5426  Acc@1: 93.7500  Acc@5: 100.0000
2026-03-27 16:18:49 INFO:train: * Acc@1 = 97.5694, Acc@5 = 100.0000, loss = 0.3352
2026-03-27 16:18:49 INFO:train:Training time 0:54:02, max_test_acc1 98.2639, test_acc5_at_max_test_acc1 100.0000
2026-03-27 16:19:05 INFO:train:Train: [0:54:18] [Epoch: 124/160] [Iter:   73/73]  Loss_Tot: 1.0501  L_Full: 0.5223  L_Mask: 0.5214  L_Caus: 0.0012  L_Spar: 0.5425  FR: 0.1406  Wgt(C/S): 5.00/0.00  LR: 3.709e-04  Acc@1: 100.0000
2026-03-27 16:19:14 INFO:train:Test:  [0:54:27] [Iter:   18/18]  Loss_Tot: 0.4481  L_Caus: 0.0060  L_Spar: 0.5432  Acc@1: 93.7500  Acc@5: 100.0000
2026-03-27 16:19:14 INFO:train: * Acc@1 = 97.5694, Acc@5 = 100.0000, loss = 0.3503
2026-03-27 16:19:14 INFO:train:Training time 0:54:28, max_test_acc1 98.2639, test_acc5_at_max_test_acc1 100.0000
2026-03-27 16:19:31 INFO:train:Train: [0:54:44] [Epoch: 125/160] [Iter:   73/73]  Loss_Tot: 1.0655  L_Full: 0.5256  L_Mask: 0.5198  L_Caus: 0.0040  L_Spar: 0.5430  FR: 0.1357  Wgt(C/S): 5.00/0.00  LR: 3.443e-04  Acc@1: 100.0000
2026-03-27 16:19:40 INFO:train:Test:  [0:54:53] [Iter:   18/18]  Loss_Tot: 0.3607  L_Caus: 0.0053  L_Spar: 0.5426  Acc@1: 100.0000  Acc@5: 100.0000
2026-03-27 16:19:40 INFO:train: * Acc@1 = 97.5694, Acc@5 = 100.0000, loss = 0.3312
2026-03-27 16:19:40 INFO:train:Training time 0:54:53, max_test_acc1 98.2639, test_acc5_at_max_test_acc1 100.0000
2026-03-27 16:19:57 INFO:train:Train: [0:55:10] [Epoch: 126/160] [Iter:   73/73]  Loss_Tot: 1.0569  L_Full: 0.5219  L_Mask: 0.5191  L_Caus: 0.0031  L_Spar: 0.5439  FR: 0.1443  Wgt(C/S): 5.00/0.00  LR: 3.186e-04  Acc@1: 100.0000
2026-03-27 16:20:06 INFO:train:Test:  [0:55:19] [Iter:   18/18]  Loss_Tot: 0.7272  L_Caus: 0.0104  L_Spar: 0.5438  Acc@1: 93.7500  Acc@5: 100.0000
2026-03-27 16:20:06 INFO:train: * Acc@1 = 96.5278, Acc@5 = 100.0000, loss = 0.3805
2026-03-27 16:20:06 INFO:train:Training time 0:55:19, max_test_acc1 98.2639, test_acc5_at_max_test_acc1 100.0000
2026-03-27 16:20:22 INFO:train:Train: [0:55:35] [Epoch: 127/160] [Iter:   73/73]  Loss_Tot: 1.0666  L_Full: 0.5222  L_Mask: 0.5209  L_Caus: 0.0046  L_Spar: 0.5415  FR: 0.1372  Wgt(C/S): 5.00/0.00  LR: 2.939e-04  Acc@1: 100.0000
2026-03-27 16:20:31 INFO:train:Test:  [0:55:44] [Iter:   18/18]  Loss_Tot: 0.6817  L_Caus: 0.0069  L_Spar: 0.5438  Acc@1: 93.7500  Acc@5: 100.0000
2026-03-27 16:20:31 INFO:train: * Acc@1 = 97.2222, Acc@5 = 100.0000, loss = 0.3522
2026-03-27 16:20:31 INFO:train:Training time 0:55:45, max_test_acc1 98.2639, test_acc5_at_max_test_acc1 100.0000
2026-03-27 16:20:48 INFO:train:Train: [0:56:01] [Epoch: 128/160] [Iter:   73/73]  Loss_Tot: 1.1241  L_Full: 0.5568  L_Mask: 0.5613  L_Caus: 0.0011  L_Spar: 0.5444  FR: 0.1406  Wgt(C/S): 5.00/0.00  LR: 2.702e-04  Acc@1: 93.7500
2026-03-27 16:20:57 INFO:train:Test:  [0:56:10] [Iter:   18/18]  Loss_Tot: 0.5497  L_Caus: 0.0085  L_Spar: 0.5431  Acc@1: 93.7500  Acc@5: 100.0000
2026-03-27 16:20:58 INFO:train: * Acc@1 = 96.1806, Acc@5 = 100.0000, loss = 0.3738
2026-03-27 16:20:58 INFO:train:Training time 0:56:11, max_test_acc1 98.2639, test_acc5_at_max_test_acc1 100.0000
2026-03-27 16:21:14 INFO:train:Train: [0:56:27] [Epoch: 129/160] [Iter:   73/73]  Loss_Tot: 1.0547  L_Full: 0.5213  L_Mask: 0.5188  L_Caus: 0.0029  L_Spar: 0.5425  FR: 0.1342  Wgt(C/S): 5.00/0.00  LR: 2.475e-04  Acc@1: 100.0000
2026-03-27 16:21:24 INFO:train:Test:  [0:56:37] [Iter:   18/18]  Loss_Tot: 0.5425  L_Caus: 0.0059  L_Spar: 0.5435  Acc@1: 93.7500  Acc@5: 100.0000
2026-03-27 16:21:24 INFO:train: * Acc@1 = 96.1806, Acc@5 = 100.0000, loss = 0.3693
2026-03-27 16:21:24 INFO:train:Training time 0:56:37, max_test_acc1 98.2639, test_acc5_at_max_test_acc1 100.0000
2026-03-27 16:21:40 INFO:train:Train: [0:56:54] [Epoch: 130/160] [Iter:   73/73]  Loss_Tot: 1.0402  L_Full: 0.5168  L_Mask: 0.5170  L_Caus: 0.0012  L_Spar: 0.5444  FR: 0.1440  Wgt(C/S): 5.00/0.00  LR: 2.257e-04  Acc@1: 100.0000
2026-03-27 16:21:50 INFO:train:Test:  [0:57:03] [Iter:   18/18]  Loss_Tot: 0.3531  L_Caus: 0.0038  L_Spar: 0.5437  Acc@1: 100.0000  Acc@5: 100.0000
2026-03-27 16:21:50 INFO:train: * Acc@1 = 96.8750, Acc@5 = 100.0000, loss = 0.3507
2026-03-27 16:21:50 INFO:train:Training time 0:57:03, max_test_acc1 98.2639, test_acc5_at_max_test_acc1 100.0000
2026-03-27 16:22:07 INFO:train:Train: [0:57:20] [Epoch: 131/160] [Iter:   73/73]  Loss_Tot: 1.0754  L_Full: 0.5348  L_Mask: 0.5328  L_Caus: 0.0015  L_Spar: 0.5439  FR: 0.1448  Wgt(C/S): 5.00/0.00  LR: 2.050e-04  Acc@1: 100.0000
2026-03-27 16:22:16 INFO:train:Test:  [0:57:29] [Iter:   18/18]  Loss_Tot: 0.3721  L_Caus: 0.0090  L_Spar: 0.5434  Acc@1: 100.0000  Acc@5: 100.0000
2026-03-27 16:22:16 INFO:train: * Acc@1 = 96.8750, Acc@5 = 100.0000, loss = 0.3510
2026-03-27 16:22:16 INFO:train:Training time 0:57:30, max_test_acc1 98.2639, test_acc5_at_max_test_acc1 100.0000
2026-03-27 16:22:32 INFO:train:Train: [0:57:46] [Epoch: 132/160] [Iter:   73/73]  Loss_Tot: 1.0582  L_Full: 0.5253  L_Mask: 0.5231  L_Caus: 0.0019  L_Spar: 0.5415  FR: 0.1396  Wgt(C/S): 5.00/0.00  LR: 1.852e-04  Acc@1: 100.0000
2026-03-27 16:22:42 INFO:train:Test:  [0:57:55] [Iter:   18/18]  Loss_Tot: 0.5208  L_Caus: 0.0065  L_Spar: 0.5436  Acc@1: 100.0000  Acc@5: 100.0000
2026-03-27 16:22:42 INFO:train: * Acc@1 = 97.2222, Acc@5 = 100.0000, loss = 0.3836
2026-03-27 16:22:42 INFO:train:Training time 0:57:55, max_test_acc1 98.2639, test_acc5_at_max_test_acc1 100.0000
2026-03-27 16:22:58 INFO:train:Train: [0:58:11] [Epoch: 133/160] [Iter:   73/73]  Loss_Tot: 1.0380  L_Full: 0.5170  L_Mask: 0.5170  L_Caus: 0.0008  L_Spar: 0.5439  FR: 0.1465  Wgt(C/S): 5.00/0.00  LR: 1.665e-04  Acc@1: 100.0000
2026-03-27 16:23:09 INFO:train:Test:  [0:58:22] [Iter:   18/18]  Loss_Tot: 0.5010  L_Caus: 0.0053  L_Spar: 0.5439  Acc@1: 100.0000  Acc@5: 100.0000
2026-03-27 16:23:09 INFO:train: * Acc@1 = 96.8750, Acc@5 = 100.0000, loss = 0.3934
2026-03-27 16:23:09 INFO:train:Training time 0:58:22, max_test_acc1 98.2639, test_acc5_at_max_test_acc1 100.0000
2026-03-27 16:23:25 INFO:train:Train: [0:58:38] [Epoch: 134/160] [Iter:   73/73]  Loss_Tot: 1.0396  L_Full: 0.5173  L_Mask: 0.5168  L_Caus: 0.0010  L_Spar: 0.5430  FR: 0.1434  Wgt(C/S): 5.00/0.00  LR: 1.488e-04  Acc@1: 100.0000
2026-03-27 16:23:34 INFO:train:Test:  [0:58:47] [Iter:   18/18]  Loss_Tot: 0.4170  L_Caus: 0.0071  L_Spar: 0.5434  Acc@1: 100.0000  Acc@5: 100.0000
2026-03-27 16:23:35 INFO:train: * Acc@1 = 96.5278, Acc@5 = 100.0000, loss = 0.3565
2026-03-27 16:23:35 INFO:train:Training time 0:58:48, max_test_acc1 98.2639, test_acc5_at_max_test_acc1 100.0000
2026-03-27 16:23:51 INFO:train:Train: [0:59:04] [Epoch: 135/160] [Iter:   73/73]  Loss_Tot: 1.0370  L_Full: 0.5170  L_Mask: 0.5167  L_Caus: 0.0006  L_Spar: 0.5439  FR: 0.1447  Wgt(C/S): 5.00/0.00  LR: 1.321e-04  Acc@1: 100.0000
2026-03-27 16:24:00 INFO:train:Test:  [0:59:13] [Iter:   18/18]  Loss_Tot: 0.6389  L_Caus: 0.0105  L_Spar: 0.5435  Acc@1: 93.7500  Acc@5: 100.0000
2026-03-27 16:24:00 INFO:train: * Acc@1 = 95.8333, Acc@5 = 99.6528, loss = 0.3969
2026-03-27 16:24:00 INFO:train:Training time 0:59:13, max_test_acc1 98.2639, test_acc5_at_max_test_acc1 100.0000
2026-03-27 16:24:16 INFO:train:Train: [0:59:29] [Epoch: 136/160] [Iter:   73/73]  Loss_Tot: 1.0465  L_Full: 0.5192  L_Mask: 0.5186  L_Caus: 0.0017  L_Spar: 0.5439  FR: 0.1418  Wgt(C/S): 5.00/0.00  LR: 1.165e-04  Acc@1: 100.0000
2026-03-27 16:24:25 INFO:train:Test:  [0:59:38] [Iter:   18/18]  Loss_Tot: 0.4517  L_Caus: 0.0049  L_Spar: 0.5433  Acc@1: 93.7500  Acc@5: 100.0000
2026-03-27 16:24:25 INFO:train: * Acc@1 = 96.1806, Acc@5 = 99.6528, loss = 0.3963
2026-03-27 16:24:25 INFO:train:Training time 0:59:39, max_test_acc1 98.2639, test_acc5_at_max_test_acc1 100.0000
2026-03-27 16:24:41 INFO:train:Train: [0:59:55] [Epoch: 137/160] [Iter:   73/73]  Loss_Tot: 1.0467  L_Full: 0.5165  L_Mask: 0.5178  L_Caus: 0.0024  L_Spar: 0.5435  FR: 0.1436  Wgt(C/S): 5.00/0.00  LR: 1.019e-04  Acc@1: 100.0000
2026-03-27 16:24:51 INFO:train:Test:  [1:00:04] [Iter:   18/18]  Loss_Tot: 0.5598  L_Caus: 0.0044  L_Spar: 0.5438  Acc@1: 93.7500  Acc@5: 100.0000
2026-03-27 16:24:51 INFO:train: * Acc@1 = 96.1806, Acc@5 = 100.0000, loss = 0.3724
2026-03-27 16:24:51 INFO:train:Training time 1:00:04, max_test_acc1 98.2639, test_acc5_at_max_test_acc1 100.0000
2026-03-27 16:25:07 INFO:train:Train: [1:00:20] [Epoch: 138/160] [Iter:   73/73]  Loss_Tot: 1.0399  L_Full: 0.5163  L_Mask: 0.5160  L_Caus: 0.0015  L_Spar: 0.5439  FR: 0.1456  Wgt(C/S): 5.00/0.00  LR: 8.839e-05  Acc@1: 100.0000
2026-03-27 16:25:16 INFO:train:Test:  [1:00:29] [Iter:   18/18]  Loss_Tot: 0.3568  L_Caus: 0.0047  L_Spar: 0.5429  Acc@1: 100.0000  Acc@5: 100.0000
2026-03-27 16:25:17 INFO:train: * Acc@1 = 97.2222, Acc@5 = 100.0000, loss = 0.3303
2026-03-27 16:25:17 INFO:train:Training time 1:00:30, max_test_acc1 98.2639, test_acc5_at_max_test_acc1 100.0000
2026-03-27 16:25:32 INFO:train:Train: [1:00:46] [Epoch: 139/160] [Iter:   73/73]  Loss_Tot: 1.1495  L_Full: 0.5572  L_Mask: 0.5768  L_Caus: 0.0030  L_Spar: 0.5420  FR: 0.1388  Wgt(C/S): 5.00/0.00  LR: 7.592e-05  Acc@1: 93.7500
2026-03-27 16:25:42 INFO:train:Test:  [1:00:55] [Iter:   18/18]  Loss_Tot: 0.3791  L_Caus: 0.0043  L_Spar: 0.5432  Acc@1: 100.0000  Acc@5: 100.0000
2026-03-27 16:25:42 INFO:train: * Acc@1 = 97.2222, Acc@5 = 100.0000, loss = 0.3311
2026-03-27 16:25:42 INFO:train:Training time 1:00:55, max_test_acc1 98.2639, test_acc5_at_max_test_acc1 100.0000
2026-03-27 16:25:58 INFO:train:Train: [1:01:11] [Epoch: 140/160] [Iter:   73/73]  Loss_Tot: 1.0427  L_Full: 0.5170  L_Mask: 0.5164  L_Caus: 0.0018  L_Spar: 0.5435  FR: 0.1471  Wgt(C/S): 5.00/0.00  LR: 6.452e-05  Acc@1: 100.0000
2026-03-27 16:26:07 INFO:train:Test:  [1:01:21] [Iter:   18/18]  Loss_Tot: 0.4676  L_Caus: 0.0041  L_Spar: 0.5438  Acc@1: 100.0000  Acc@5: 100.0000
2026-03-27 16:26:08 INFO:train: * Acc@1 = 97.5694, Acc@5 = 100.0000, loss = 0.3510
2026-03-27 16:26:08 INFO:train:Training time 1:01:21, max_test_acc1 98.2639, test_acc5_at_max_test_acc1 100.0000
2026-03-27 16:26:24 INFO:train:Train: [1:01:37] [Epoch: 141/160] [Iter:   73/73]  Loss_Tot: 1.0542  L_Full: 0.5241  L_Mask: 0.5245  L_Caus: 0.0011  L_Spar: 0.5435  FR: 0.1458  Wgt(C/S): 5.00/0.00  LR: 5.419e-05  Acc@1: 100.0000
2026-03-27 16:26:33 INFO:train:Test:  [1:01:46] [Iter:   18/18]  Loss_Tot: 0.4746  L_Caus: 0.0061  L_Spar: 0.5435  Acc@1: 93.7500  Acc@5: 100.0000
2026-03-27 16:26:33 INFO:train: * Acc@1 = 96.8750, Acc@5 = 99.6528, loss = 0.3520
2026-03-27 16:26:33 INFO:train:Training time 1:01:46, max_test_acc1 98.2639, test_acc5_at_max_test_acc1 100.0000
2026-03-27 16:26:50 INFO:train:Train: [1:02:03] [Epoch: 142/160] [Iter:   73/73]  Loss_Tot: 1.0420  L_Full: 0.5194  L_Mask: 0.5186  L_Caus: 0.0007  L_Spar: 0.5435  FR: 0.1466  Wgt(C/S): 5.00/0.00  LR: 4.494e-05  Acc@1: 100.0000
2026-03-27 16:26:59 INFO:train:Test:  [1:02:12] [Iter:   18/18]  Loss_Tot: 0.6042  L_Caus: 0.0077  L_Spar: 0.5435  Acc@1: 93.7500  Acc@5: 100.0000
2026-03-27 16:27:00 INFO:train: * Acc@1 = 97.2222, Acc@5 = 100.0000, loss = 0.3674
2026-03-27 16:27:00 INFO:train:Training time 1:02:13, max_test_acc1 98.2639, test_acc5_at_max_test_acc1 100.0000
2026-03-27 16:27:16 INFO:train:Train: [1:02:29] [Epoch: 143/160] [Iter:   73/73]  Loss_Tot: 1.0494  L_Full: 0.5192  L_Mask: 0.5173  L_Caus: 0.0025  L_Spar: 0.5449  FR: 0.1426  Wgt(C/S): 5.00/0.00  LR: 3.677e-05  Acc@1: 100.0000
2026-03-27 16:27:26 INFO:train:Test:  [1:02:39] [Iter:   18/18]  Loss_Tot: 0.4725  L_Caus: 0.0058  L_Spar: 0.5435  Acc@1: 93.7500  Acc@5: 100.0000
2026-03-27 16:27:26 INFO:train: * Acc@1 = 97.5694, Acc@5 = 100.0000, loss = 0.3467
2026-03-27 16:27:26 INFO:train:Training time 1:02:39, max_test_acc1 98.2639, test_acc5_at_max_test_acc1 100.0000
2026-03-27 16:27:43 INFO:train:Train: [1:02:56] [Epoch: 144/160] [Iter:   73/73]  Loss_Tot: 1.0395  L_Full: 0.5169  L_Mask: 0.5167  L_Caus: 0.0011  L_Spar: 0.5444  FR: 0.1458  Wgt(C/S): 5.00/0.00  LR: 2.967e-05  Acc@1: 100.0000
2026-03-27 16:27:52 INFO:train:Test:  [1:03:05] [Iter:   18/18]  Loss_Tot: 0.3867  L_Caus: 0.0041  L_Spar: 0.5435  Acc@1: 100.0000  Acc@5: 100.0000
2026-03-27 16:27:53 INFO:train: * Acc@1 = 97.2222, Acc@5 = 100.0000, loss = 0.3309
2026-03-27 16:27:53 INFO:train:Training time 1:03:06, max_test_acc1 98.2639, test_acc5_at_max_test_acc1 100.0000
2026-03-27 16:28:09 INFO:train:Train: [1:03:22] [Epoch: 145/160] [Iter:   73/73]  Loss_Tot: 1.0850  L_Full: 0.5357  L_Mask: 0.5328  L_Caus: 0.0032  L_Spar: 0.5444  FR: 0.1404  Wgt(C/S): 5.00/0.00  LR: 2.367e-05  Acc@1: 100.0000
2026-03-27 16:28:18 INFO:train:Test:  [1:03:31] [Iter:   18/18]  Loss_Tot: 0.3537  L_Caus: 0.0042  L_Spar: 0.5437  Acc@1: 100.0000  Acc@5: 100.0000
2026-03-27 16:28:19 INFO:train: * Acc@1 = 97.9167, Acc@5 = 100.0000, loss = 0.3252
2026-03-27 16:28:19 INFO:train:Training time 1:03:32, max_test_acc1 98.2639, test_acc5_at_max_test_acc1 100.0000
2026-03-27 16:28:34 INFO:train:Train: [1:03:48] [Epoch: 146/160] [Iter:   73/73]  Loss_Tot: 1.0572  L_Full: 0.5261  L_Mask: 0.5243  L_Caus: 0.0013  L_Spar: 0.5435  FR: 0.1475  Wgt(C/S): 5.00/0.00  LR: 1.875e-05  Acc@1: 100.0000
2026-03-27 16:28:43 INFO:train:Test:  [1:03:57] [Iter:   18/18]  Loss_Tot: 0.5980  L_Caus: 0.0071  L_Spar: 0.5436  Acc@1: 93.7500  Acc@5: 100.0000
2026-03-27 16:28:44 INFO:train: * Acc@1 = 97.5694, Acc@5 = 100.0000, loss = 0.3601
2026-03-27 16:28:44 INFO:train:Training time 1:03:57, max_test_acc1 98.2639, test_acc5_at_max_test_acc1 100.0000
2026-03-27 16:29:00 INFO:train:Train: [1:04:13] [Epoch: 147/160] [Iter:   73/73]  Loss_Tot: 1.0374  L_Full: 0.5165  L_Mask: 0.5162  L_Caus: 0.0009  L_Spar: 0.5439  FR: 0.1461  Wgt(C/S): 5.00/0.00  LR: 1.492e-05  Acc@1: 100.0000
2026-03-27 16:29:09 INFO:train:Test:  [1:04:22] [Iter:   18/18]  Loss_Tot: 0.4089  L_Caus: 0.0054  L_Spar: 0.5438  Acc@1: 93.7500  Acc@5: 100.0000
2026-03-27 16:29:09 INFO:train: * Acc@1 = 97.2222, Acc@5 = 100.0000, loss = 0.3284
2026-03-27 16:29:09 INFO:train:Training time 1:04:22, max_test_acc1 98.2639, test_acc5_at_max_test_acc1 100.0000
2026-03-27 16:29:25 INFO:train:Train: [1:04:38] [Epoch: 148/160] [Iter:   73/73]  Loss_Tot: 1.0425  L_Full: 0.5190  L_Mask: 0.5187  L_Caus: 0.0009  L_Spar: 0.5444  FR: 0.1433  Wgt(C/S): 5.00/0.00  LR: 1.219e-05  Acc@1: 100.0000
2026-03-27 16:29:34 INFO:train:Test:  [1:04:47] [Iter:   18/18]  Loss_Tot: 0.3870  L_Caus: 0.0032  L_Spar: 0.5441  Acc@1: 100.0000  Acc@5: 100.0000
2026-03-27 16:29:34 INFO:train: * Acc@1 = 97.5694, Acc@5 = 100.0000, loss = 0.3408
2026-03-27 16:29:34 INFO:train:Training time 1:04:48, max_test_acc1 98.2639, test_acc5_at_max_test_acc1 100.0000
2026-03-27 16:29:51 INFO:train:Train: [1:05:04] [Epoch: 149/160] [Iter:   73/73]  Loss_Tot: 1.2152  L_Full: 0.6017  L_Mask: 0.6050  L_Caus: 0.0017  L_Spar: 0.5430  FR: 0.1416  Wgt(C/S): 5.00/0.00  LR: 1.055e-05  Acc@1: 93.7500
2026-03-27 16:30:01 INFO:train:Test:  [1:05:14] [Iter:   18/18]  Loss_Tot: 0.4101  L_Caus: 0.0047  L_Spar: 0.5438  Acc@1: 100.0000  Acc@5: 100.0000
2026-03-27 16:30:02 INFO:train: * Acc@1 = 97.9167, Acc@5 = 100.0000, loss = 0.3372
2026-03-27 16:30:02 INFO:train:Training time 1:05:15, max_test_acc1 98.2639, test_acc5_at_max_test_acc1 100.0000
2026-03-27 16:30:18 INFO:train:Train: [1:05:31] [Epoch: 150/160] [Iter:   73/73]  Loss_Tot: 1.0426  L_Full: 0.5182  L_Mask: 0.5179  L_Caus: 0.0012  L_Spar: 0.5435  FR: 0.1489  Wgt(C/S): 5.00/0.00  LR: 1.000e-05  Acc@1: 100.0000
2026-03-27 16:30:28 INFO:train:Test:  [1:05:41] [Iter:   18/18]  Loss_Tot: 0.3964  L_Caus: 0.0037  L_Spar: 0.5431  Acc@1: 100.0000  Acc@5: 100.0000
2026-03-27 16:30:28 INFO:train: * Acc@1 = 97.2222, Acc@5 = 100.0000, loss = 0.3431
2026-03-27 16:30:28 INFO:train:Training time 1:05:41, max_test_acc1 98.2639, test_acc5_at_max_test_acc1 100.0000
2026-03-27 16:30:45 INFO:train:Train: [1:05:58] [Epoch: 151/160] [Iter:   73/73]  Loss_Tot: 1.0512  L_Full: 0.5183  L_Mask: 0.5188  L_Caus: 0.0028  L_Spar: 0.5439  FR: 0.1455  Wgt(C/S): 5.00/0.00  LR: 1.000e-05  Acc@1: 100.0000
2026-03-27 16:30:55 INFO:train:Test:  [1:06:08] [Iter:   18/18]  Loss_Tot: 0.4476  L_Caus: 0.0036  L_Spar: 0.5429  Acc@1: 93.7500  Acc@5: 100.0000
2026-03-27 16:30:55 INFO:train: * Acc@1 = 97.2222, Acc@5 = 100.0000, loss = 0.3409
2026-03-27 16:30:55 INFO:train:Training time 1:06:08, max_test_acc1 98.2639, test_acc5_at_max_test_acc1 100.0000
2026-03-27 16:31:11 INFO:train:Train: [1:06:25] [Epoch: 152/160] [Iter:   73/73]  Loss_Tot: 1.0371  L_Full: 0.5171  L_Mask: 0.5171  L_Caus: 0.0005  L_Spar: 0.5449  FR: 0.1447  Wgt(C/S): 5.00/0.00  LR: 1.000e-05  Acc@1: 100.0000
2026-03-27 16:31:21 INFO:train:Test:  [1:06:34] [Iter:   18/18]  Loss_Tot: 0.4214  L_Caus: 0.0035  L_Spar: 0.5439  Acc@1: 100.0000  Acc@5: 100.0000
2026-03-27 16:31:21 INFO:train: * Acc@1 = 97.5694, Acc@5 = 100.0000, loss = 0.3365
2026-03-27 16:31:21 INFO:train:Training time 1:06:34, max_test_acc1 98.2639, test_acc5_at_max_test_acc1 100.0000
2026-03-27 16:31:38 INFO:train:Train: [1:06:51] [Epoch: 153/160] [Iter:   73/73]  Loss_Tot: 1.0426  L_Full: 0.5180  L_Mask: 0.5175  L_Caus: 0.0014  L_Spar: 0.5444  FR: 0.1470  Wgt(C/S): 5.00/0.00  LR: 1.000e-05  Acc@1: 100.0000
2026-03-27 16:31:48 INFO:train:Test:  [1:07:01] [Iter:   18/18]  Loss_Tot: 0.5200  L_Caus: 0.0062  L_Spar: 0.5439  Acc@1: 93.7500  Acc@5: 100.0000
2026-03-27 16:31:48 INFO:train: * Acc@1 = 96.5278, Acc@5 = 100.0000, loss = 0.3616
2026-03-27 16:31:48 INFO:train:Training time 1:07:01, max_test_acc1 98.2639, test_acc5_at_max_test_acc1 100.0000
2026-03-27 16:32:04 INFO:train:Train: [1:07:17] [Epoch: 154/160] [Iter:   73/73]  Loss_Tot: 1.0434  L_Full: 0.5159  L_Mask: 0.5164  L_Caus: 0.0022  L_Spar: 0.5435  FR: 0.1420  Wgt(C/S): 5.00/0.00  LR: 1.000e-05  Acc@1: 100.0000
2026-03-27 16:32:14 INFO:train:Test:  [1:07:27] [Iter:   18/18]  Loss_Tot: 0.4714  L_Caus: 0.0049  L_Spar: 0.5439  Acc@1: 100.0000  Acc@5: 100.0000
2026-03-27 16:32:14 INFO:train: * Acc@1 = 97.5694, Acc@5 = 100.0000, loss = 0.3405
2026-03-27 16:32:14 INFO:train:Training time 1:07:27, max_test_acc1 98.2639, test_acc5_at_max_test_acc1 100.0000
2026-03-27 16:32:30 INFO:train:Train: [1:07:44] [Epoch: 155/160] [Iter:   73/73]  Loss_Tot: 1.0473  L_Full: 0.5193  L_Mask: 0.5190  L_Caus: 0.0017  L_Spar: 0.5439  FR: 0.1475  Wgt(C/S): 5.00/0.00  LR: 1.000e-05  Acc@1: 100.0000
2026-03-27 16:32:40 INFO:train:Test:  [1:07:53] [Iter:   18/18]  Loss_Tot: 0.4879  L_Caus: 0.0076  L_Spar: 0.5434  Acc@1: 93.7500  Acc@5: 100.0000
2026-03-27 16:32:40 INFO:train: * Acc@1 = 97.5694, Acc@5 = 100.0000, loss = 0.3366
2026-03-27 16:32:40 INFO:train:Training time 1:07:53, max_test_acc1 98.2639, test_acc5_at_max_test_acc1 100.0000
2026-03-27 16:32:57 INFO:train:Train: [1:08:10] [Epoch: 156/160] [Iter:   73/73]  Loss_Tot: 1.0412  L_Full: 0.5173  L_Mask: 0.5169  L_Caus: 0.0013  L_Spar: 0.5430  FR: 0.1437  Wgt(C/S): 5.00/0.00  LR: 1.000e-05  Acc@1: 100.0000
2026-03-27 16:33:06 INFO:train:Test:  [1:08:19] [Iter:   18/18]  Loss_Tot: 0.5716  L_Caus: 0.0071  L_Spar: 0.5439  Acc@1: 100.0000  Acc@5: 100.0000
2026-03-27 16:33:06 INFO:train: * Acc@1 = 97.2222, Acc@5 = 100.0000, loss = 0.3607
2026-03-27 16:33:06 INFO:train:Training time 1:08:20, max_test_acc1 98.2639, test_acc5_at_max_test_acc1 100.0000
2026-03-27 16:33:23 INFO:train:Train: [1:08:36] [Epoch: 157/160] [Iter:   73/73]  Loss_Tot: 1.0380  L_Full: 0.5167  L_Mask: 0.5164  L_Caus: 0.0009  L_Spar: 0.5444  FR: 0.1433  Wgt(C/S): 5.00/0.00  LR: 1.000e-05  Acc@1: 100.0000
2026-03-27 16:33:33 INFO:train:Test:  [1:08:46] [Iter:   18/18]  Loss_Tot: 0.4079  L_Caus: 0.0035  L_Spar: 0.5438  Acc@1: 93.7500  Acc@5: 100.0000
2026-03-27 16:33:33 INFO:train: * Acc@1 = 96.8750, Acc@5 = 100.0000, loss = 0.3426
2026-03-27 16:33:33 INFO:train:Training time 1:08:46, max_test_acc1 98.2639, test_acc5_at_max_test_acc1 100.0000
2026-03-27 16:33:49 INFO:train:Train: [1:09:03] [Epoch: 158/160] [Iter:   73/73]  Loss_Tot: 1.0491  L_Full: 0.5210  L_Mask: 0.5189  L_Caus: 0.0018  L_Spar: 0.5439  FR: 0.1370  Wgt(C/S): 5.00/0.00  LR: 1.000e-05  Acc@1: 100.0000
2026-03-27 16:33:59 INFO:train:Test:  [1:09:12] [Iter:   18/18]  Loss_Tot: 0.4071  L_Caus: 0.0035  L_Spar: 0.5440  Acc@1: 100.0000  Acc@5: 100.0000
2026-03-27 16:33:59 INFO:train: * Acc@1 = 97.5694, Acc@5 = 100.0000, loss = 0.3369
2026-03-27 16:33:59 INFO:train:Training time 1:09:12, max_test_acc1 98.2639, test_acc5_at_max_test_acc1 100.0000
2026-03-27 16:34:16 INFO:train:Train: [1:09:29] [Epoch: 159/160] [Iter:   73/73]  Loss_Tot: 1.0551  L_Full: 0.5229  L_Mask: 0.5211  L_Caus: 0.0022  L_Spar: 0.5435  FR: 0.1395  Wgt(C/S): 5.00/0.00  LR: 1.000e-05  Acc@1: 100.0000
2026-03-27 16:34:25 INFO:train:Test:  [1:09:38] [Iter:   18/18]  Loss_Tot: 0.4295  L_Caus: 0.0047  L_Spar: 0.5438  Acc@1: 93.7500  Acc@5: 100.0000
2026-03-27 16:34:25 INFO:train: * Acc@1 = 97.2222, Acc@5 = 100.0000, loss = 0.3464
2026-03-27 16:34:25 INFO:train:Training time 1:09:39, max_test_acc1 98.2639, test_acc5_at_max_test_acc1 100.0000
